<?xml version="1.0" encoding="UTF-8"?>
<!-- Generated by org.testng.reporters.JUnitXMLReporter -->
<testsuite ignored="0" hostname="DESKTOP-GE7D7VL" failures="0" tests="200" name="Test-Parllel" time="120.186" errors="0" timestamp="2023-08-01T18:17:44 IST">
  <testcase classname="Convox.GenericLibraries.BaseClass" name="@AfterMethod amConfigration" time="15.721">
    <failure type="org.openqa.selenium.WebDriverException" message="disconnected: received Inspector.detached event
  (failed to check if window was closed: disconnected: Unable to receive message from renderer)
  (Session info: chrome=115.0.5790.110)
Build info: version: &amp;apos;4.4.0&amp;apos;, revision: &amp;apos;e5c75ed026a&amp;apos;
System info: host: &amp;apos;DESKTOP-GE7D7VL&amp;apos;, ip: &amp;apos;172.16.13.71&amp;apos;, os.name: &amp;apos;Windows 10&amp;apos;, os.arch: &amp;apos;amd64&amp;apos;, os.version: &amp;apos;10.0&amp;apos;, java.version: &amp;apos;18.0.2.1&amp;apos;
Driver info: org.openqa.selenium.chrome.ChromeDriver
Command: [699687524a06dd7d77c571009835cb77, findElements {using=css selector, value=frame[name=&amp;apos;agentframe&amp;apos;],iframe[name=&amp;apos;agentframe&amp;apos;]}]
Capabilities {acceptInsecureCerts: false, browserName: chrome, browserVersion: 115.0.5790.110, chrome: {chromedriverVersion: 114.0.5735.90 (386bc09e8f4f..., userDataDir: C:\Users\Lenovo\AppData\Loc...}, goog:chromeOptions: {debuggerAddress: localhost:64680}, networkConnectionEnabled: false, pageLoadStrategy: normal, platformName: WINDOWS, proxy: Proxy(), se:cdp: ws://localhost:64680/devtoo..., se:cdpVersion: 115.0.5790.110, setWindowRect: true, strictFileInteractability: false, timeouts: {implicit: 0, pageLoad: 300000, script: 30000}, unhandledPromptBehavior: dismiss and notify, webauthn:extension:credBlob: true, webauthn:extension:largeBlob: true, webauthn:extension:minPinLength: true, webauthn:extension:prf: true, webauthn:virtualAuthenticators: true}
Session ID: 699687524a06dd7d77c571009835cb77">
      <![CDATA[org.openqa.selenium.WebDriverException: disconnected: received Inspector.detached event
  (failed to check if window was closed: disconnected: Unable to receive message from renderer)
  (Session info: chrome=115.0.5790.110)
Build info: version: '4.4.0', revision: 'e5c75ed026a'
System info: host: 'DESKTOP-GE7D7VL', ip: '172.16.13.71', os.name: 'Windows 10', os.arch: 'amd64', os.version: '10.0', java.version: '18.0.2.1'
Driver info: org.openqa.selenium.chrome.ChromeDriver
Command: [699687524a06dd7d77c571009835cb77, findElements {using=css selector, value=frame[name='agentframe'],iframe[name='agentframe']}]
Capabilities {acceptInsecureCerts: false, browserName: chrome, browserVersion: 115.0.5790.110, chrome: {chromedriverVersion: 114.0.5735.90 (386bc09e8f4f..., userDataDir: C:\Users\Lenovo\AppData\Loc...}, goog:chromeOptions: {debuggerAddress: localhost:64680}, networkConnectionEnabled: false, pageLoadStrategy: normal, platformName: WINDOWS, proxy: Proxy(), se:cdp: ws://localhost:64680/devtoo..., se:cdpVersion: 115.0.5790.110, setWindowRect: true, strictFileInteractability: false, timeouts: {implicit: 0, pageLoad: 300000, script: 30000}, unhandledPromptBehavior: dismiss and notify, webauthn:extension:credBlob: true, webauthn:extension:largeBlob: true, webauthn:extension:minPinLength: true, webauthn:extension:prf: true, webauthn:virtualAuthenticators: true}
Session ID: 699687524a06dd7d77c571009835cb77
at org.openqa.selenium.remote.codec.w3c.W3CHttpResponseCodec.createException(W3CHttpResponseCodec.java:200)
at org.openqa.selenium.remote.codec.w3c.W3CHttpResponseCodec.decode(W3CHttpResponseCodec.java:133)
at org.openqa.selenium.remote.codec.w3c.W3CHttpResponseCodec.decode(W3CHttpResponseCodec.java:53)
at org.openqa.selenium.remote.HttpCommandExecutor.execute(HttpCommandExecutor.java:184)
at org.openqa.selenium.remote.service.DriverCommandExecutor.invokeExecute(DriverCommandExecutor.java:167)
at org.openqa.selenium.remote.service.DriverCommandExecutor.execute(DriverCommandExecutor.java:142)
at org.openqa.selenium.remote.RemoteWebDriver.execute(RemoteWebDriver.java:547)
at org.openqa.selenium.remote.ElementLocation$ElementFinder$2.findElements(ElementLocation.java:179)
at org.openqa.selenium.remote.ElementLocation.findElements(ElementLocation.java:102)
at org.openqa.selenium.remote.RemoteWebDriver.findElements(RemoteWebDriver.java:380)
at org.openqa.selenium.remote.RemoteWebDriver.findElements(RemoteWebDriver.java:372)
at org.openqa.selenium.remote.RemoteWebDriver$RemoteTargetLocator.frame(RemoteWebDriver.java:1056)
at Convox.GenericLibraries.WebDriverLibrary.switchToFrame(WebDriverLibrary.java:221)
at Convox.ObjectRepository.AgentModule.AgentHomePage.LogoutFromAgentModule(AgentHomePage.java:434)
at Convox.GenericLibraries.BaseClass.amConfigration(BaseClass.java:101)
at java.base/java.util.concurrent.ThreadPoolExecutor.runWorker(ThreadPoolExecutor.java:1136)
at java.base/java.util.concurrent.ThreadPoolExecutor$Worker.run(ThreadPoolExecutor.java:635)
at java.base/java.lang.Thread.run(Thread.java:833)
... Removed 18 stack frames]]>
    </failure>
  </testcase> <!-- @AfterMethod amConfigration -->
  <testcase classname="Convox.GenericLibraries.BaseClass" name="@BeforeMethod bmConfigration" time="-1.690894057974E9">
    <skipped/>
  </testcase> <!-- @BeforeMethod bmConfigration -->
  <testcase classname="Convox.GenericLibraries.BaseClass" name="@AfterMethod amConfigration" time="-1.690894058229E9">
    <skipped/>
  </testcase> <!-- @AfterMethod amConfigration -->
  <testcase classname="Convox.GenericLibraries.BaseClass" name="@BeforeMethod bmConfigration" time="-1.69089405823E9">
    <skipped/>
  </testcase> <!-- @BeforeMethod bmConfigration -->
  <testcase classname="Convox.GenericLibraries.BaseClass" name="@AfterMethod amConfigration" time="-1.69089405824E9">
    <skipped/>
  </testcase> <!-- @AfterMethod amConfigration -->
  <testcase classname="Convox.GenericLibraries.BaseClass" name="@BeforeMethod bmConfigration" time="-1.690894058242E9">
    <skipped/>
  </testcase> <!-- @BeforeMethod bmConfigration -->
  <testcase classname="Convox.GenericLibraries.BaseClass" name="@AfterMethod amConfigration" time="-1.690894058249E9">
    <skipped/>
  </testcase> <!-- @AfterMethod amConfigration -->
  <testcase classname="Convox.GenericLibraries.BaseClass" name="@BeforeMethod bmConfigration" time="-1.690894058251E9">
    <skipped/>
  </testcase> <!-- @BeforeMethod bmConfigration -->
  <testcase classname="Convox.GenericLibraries.BaseClass" name="@AfterMethod amConfigration" time="-1.690894058259E9">
    <skipped/>
  </testcase> <!-- @AfterMethod amConfigration -->
  <testcase classname="Convox.GenericLibraries.BaseClass" name="@BeforeMethod bmConfigration" time="-1.690894058261E9">
    <skipped/>
  </testcase> <!-- @BeforeMethod bmConfigration -->
  <testcase classname="Convox.GenericLibraries.BaseClass" name="@AfterMethod amConfigration" time="-1.690894058268E9">
    <skipped/>
  </testcase> <!-- @AfterMethod amConfigration -->
  <testcase classname="Convox.GenericLibraries.BaseClass" name="@BeforeMethod bmConfigration" time="-1.69089405827E9">
    <skipped/>
  </testcase> <!-- @BeforeMethod bmConfigration -->
  <testcase classname="Convox.GenericLibraries.BaseClass" name="@AfterMethod amConfigration" time="-1.690894058277E9">
    <skipped/>
  </testcase> <!-- @AfterMethod amConfigration -->
  <testcase classname="Convox.GenericLibraries.BaseClass" name="@BeforeMethod bmConfigration" time="-1.690894058279E9">
    <skipped/>
  </testcase> <!-- @BeforeMethod bmConfigration -->
  <testcase classname="Convox.GenericLibraries.BaseClass" name="@AfterMethod amConfigration" time="-1.690894058286E9">
    <skipped/>
  </testcase> <!-- @AfterMethod amConfigration -->
  <testcase classname="Convox.GenericLibraries.BaseClass" name="@BeforeMethod bmConfigration" time="-1.690894058288E9">
    <skipped/>
  </testcase> <!-- @BeforeMethod bmConfigration -->
  <testcase classname="Convox.GenericLibraries.BaseClass" name="@AfterMethod amConfigration" time="-1.690894058295E9">
    <skipped/>
  </testcase> <!-- @AfterMethod amConfigration -->
  <testcase classname="Convox.GenericLibraries.BaseClass" name="@BeforeMethod bmConfigration" time="-1.690894058297E9">
    <skipped/>
  </testcase> <!-- @BeforeMethod bmConfigration -->
  <testcase classname="Convox.GenericLibraries.BaseClass" name="@AfterMethod amConfigration" time="-1.690894058303E9">
    <skipped/>
  </testcase> <!-- @AfterMethod amConfigration -->
  <testcase classname="Convox.GenericLibraries.BaseClass" name="@BeforeMethod bmConfigration" time="-1.690894058305E9">
    <skipped/>
  </testcase> <!-- @BeforeMethod bmConfigration -->
  <testcase classname="Convox.GenericLibraries.BaseClass" name="@AfterMethod amConfigration" time="-1.690894058311E9">
    <skipped/>
  </testcase> <!-- @AfterMethod amConfigration -->
  <testcase classname="Convox.GenericLibraries.BaseClass" name="@BeforeMethod bmConfigration" time="-1.690894058313E9">
    <skipped/>
  </testcase> <!-- @BeforeMethod bmConfigration -->
  <testcase classname="Convox.GenericLibraries.BaseClass" name="@AfterMethod amConfigration" time="-1.690894058319E9">
    <skipped/>
  </testcase> <!-- @AfterMethod amConfigration -->
  <testcase classname="Convox.GenericLibraries.BaseClass" name="@BeforeMethod bmConfigration" time="-1.69089405832E9">
    <skipped/>
  </testcase> <!-- @BeforeMethod bmConfigration -->
  <testcase classname="Convox.GenericLibraries.BaseClass" name="@AfterMethod amConfigration" time="-1.690894058327E9">
    <skipped/>
  </testcase> <!-- @AfterMethod amConfigration -->
  <testcase classname="Convox.GenericLibraries.BaseClass" name="@BeforeMethod bmConfigration" time="-1.690894058328E9">
    <skipped/>
  </testcase> <!-- @BeforeMethod bmConfigration -->
  <testcase classname="Convox.GenericLibraries.BaseClass" name="@AfterMethod amConfigration" time="-1.690894058335E9">
    <skipped/>
  </testcase> <!-- @AfterMethod amConfigration -->
  <testcase classname="Convox.GenericLibraries.BaseClass" name="@BeforeMethod bmConfigration" time="-1.690894058336E9">
    <skipped/>
  </testcase> <!-- @BeforeMethod bmConfigration -->
  <testcase classname="Convox.GenericLibraries.BaseClass" name="@AfterMethod amConfigration" time="-1.690894058341E9">
    <skipped/>
  </testcase> <!-- @AfterMethod amConfigration -->
  <testcase classname="Convox.GenericLibraries.BaseClass" name="@BeforeMethod bmConfigration" time="-1.690894058342E9">
    <skipped/>
  </testcase> <!-- @BeforeMethod bmConfigration -->
  <testcase classname="Convox.GenericLibraries.BaseClass" name="@AfterMethod amConfigration" time="-1.690894058348E9">
    <skipped/>
  </testcase> <!-- @AfterMethod amConfigration -->
  <testcase classname="Convox.GenericLibraries.BaseClass" name="@BeforeMethod bmConfigration" time="-1.690894058349E9">
    <skipped/>
  </testcase> <!-- @BeforeMethod bmConfigration -->
  <testcase classname="Convox.GenericLibraries.BaseClass" name="@AfterMethod amConfigration" time="-1.690894058377E9">
    <skipped/>
  </testcase> <!-- @AfterMethod amConfigration -->
  <testcase classname="Convox.GenericLibraries.BaseClass" name="@BeforeMethod bmConfigration" time="-1.690894058378E9">
    <skipped/>
  </testcase> <!-- @BeforeMethod bmConfigration -->
  <testcase classname="Convox.GenericLibraries.BaseClass" name="@AfterMethod amConfigration" time="-1.690894058385E9">
    <skipped/>
  </testcase> <!-- @AfterMethod amConfigration -->
  <testcase classname="Convox.GenericLibraries.BaseClass" name="@BeforeMethod bmConfigration" time="-1.690894058386E9">
    <skipped/>
  </testcase> <!-- @BeforeMethod bmConfigration -->
  <testcase classname="Convox.GenericLibraries.BaseClass" name="@AfterMethod amConfigration" time="-1.690894058391E9">
    <skipped/>
  </testcase> <!-- @AfterMethod amConfigration -->
  <testcase classname="Convox.GenericLibraries.BaseClass" name="@BeforeMethod bmConfigration" time="-1.690894058392E9">
    <skipped/>
  </testcase> <!-- @BeforeMethod bmConfigration -->
  <testcase classname="Convox.GenericLibraries.BaseClass" name="@AfterMethod amConfigration" time="-1.690894058398E9">
    <skipped/>
  </testcase> <!-- @AfterMethod amConfigration -->
  <testcase classname="Convox.GenericLibraries.BaseClass" name="@BeforeMethod bmConfigration" time="-1.690894058399E9">
    <skipped/>
  </testcase> <!-- @BeforeMethod bmConfigration -->
  <testcase classname="Convox.GenericLibraries.BaseClass" name="@AfterMethod amConfigration" time="-1.690894058405E9">
    <skipped/>
  </testcase> <!-- @AfterMethod amConfigration -->
  <testcase classname="Convox.GenericLibraries.BaseClass" name="@BeforeMethod bmConfigration" time="-1.690894058416E9">
    <skipped/>
  </testcase> <!-- @BeforeMethod bmConfigration -->
  <testcase classname="Convox.GenericLibraries.BaseClass" name="@AfterMethod amConfigration" time="-1.690894058422E9">
    <skipped/>
  </testcase> <!-- @AfterMethod amConfigration -->
  <testcase classname="Convox.GenericLibraries.BaseClass" name="@BeforeMethod bmConfigration" time="-1.690894058423E9">
    <skipped/>
  </testcase> <!-- @BeforeMethod bmConfigration -->
  <testcase classname="Convox.GenericLibraries.BaseClass" name="@AfterMethod amConfigration" time="-1.690894058429E9">
    <skipped/>
  </testcase> <!-- @AfterMethod amConfigration -->
  <testcase classname="Convox.GenericLibraries.BaseClass" name="@BeforeMethod bmConfigration" time="-1.69089405843E9">
    <skipped/>
  </testcase> <!-- @BeforeMethod bmConfigration -->
  <testcase classname="Convox.GenericLibraries.BaseClass" name="@AfterMethod amConfigration" time="-1.690894058435E9">
    <skipped/>
  </testcase> <!-- @AfterMethod amConfigration -->
  <testcase classname="Convox.GenericLibraries.BaseClass" name="@BeforeMethod bmConfigration" time="-1.690894058437E9">
    <skipped/>
  </testcase> <!-- @BeforeMethod bmConfigration -->
  <testcase classname="Convox.GenericLibraries.BaseClass" name="@AfterMethod amConfigration" time="-1.690894058443E9">
    <skipped/>
  </testcase> <!-- @AfterMethod amConfigration -->
  <testcase classname="Convox.GenericLibraries.BaseClass" name="@BeforeMethod bmConfigration" time="-1.690894058444E9">
    <skipped/>
  </testcase> <!-- @BeforeMethod bmConfigration -->
  <testcase classname="Convox.GenericLibraries.BaseClass" name="@AfterMethod amConfigration" time="-1.690894058451E9">
    <skipped/>
  </testcase> <!-- @AfterMethod amConfigration -->
  <testcase classname="Convox.GenericLibraries.BaseClass" name="@BeforeMethod bmConfigration" time="-1.690894058453E9">
    <skipped/>
  </testcase> <!-- @BeforeMethod bmConfigration -->
  <testcase classname="Convox.GenericLibraries.BaseClass" name="@AfterMethod amConfigration" time="-1.690894058457E9">
    <skipped/>
  </testcase> <!-- @AfterMethod amConfigration -->
  <testcase classname="Convox.GenericLibraries.BaseClass" name="@BeforeMethod bmConfigration" time="-1.690894058458E9">
    <skipped/>
  </testcase> <!-- @BeforeMethod bmConfigration -->
  <testcase classname="Convox.GenericLibraries.BaseClass" name="@AfterMethod amConfigration" time="-1.690894058464E9">
    <skipped/>
  </testcase> <!-- @AfterMethod amConfigration -->
  <testcase classname="Convox.GenericLibraries.BaseClass" name="@BeforeMethod bmConfigration" time="-1.690894058465E9">
    <skipped/>
  </testcase> <!-- @BeforeMethod bmConfigration -->
  <testcase classname="Convox.GenericLibraries.BaseClass" name="@AfterMethod amConfigration" time="-1.690894058496E9">
    <skipped/>
  </testcase> <!-- @AfterMethod amConfigration -->
  <testcase classname="Convox.GenericLibraries.BaseClass" name="@BeforeMethod bmConfigration" time="-1.690894058511E9">
    <skipped/>
  </testcase> <!-- @BeforeMethod bmConfigration -->
  <testcase classname="Convox.GenericLibraries.BaseClass" name="@AfterMethod amConfigration" time="-1.690894058536E9">
    <skipped/>
  </testcase> <!-- @AfterMethod amConfigration -->
  <testcase classname="Convox.GenericLibraries.BaseClass" name="@BeforeMethod bmConfigration" time="-1.690894058551E9">
    <skipped/>
  </testcase> <!-- @BeforeMethod bmConfigration -->
  <testcase classname="Convox.GenericLibraries.BaseClass" name="@AfterMethod amConfigration" time="-1.69089405858E9">
    <skipped/>
  </testcase> <!-- @AfterMethod amConfigration -->
  <testcase classname="Convox.GenericLibraries.BaseClass" name="@BeforeMethod bmConfigration" time="-1.690894058586E9">
    <skipped/>
  </testcase> <!-- @BeforeMethod bmConfigration -->
  <testcase classname="Convox.GenericLibraries.BaseClass" name="@AfterMethod amConfigration" time="-1.690894058604E9">
    <skipped/>
  </testcase> <!-- @AfterMethod amConfigration -->
  <testcase classname="Convox.GenericLibraries.BaseClass" name="@BeforeMethod bmConfigration" time="-1.690894058605E9">
    <skipped/>
  </testcase> <!-- @BeforeMethod bmConfigration -->
  <testcase classname="Convox.GenericLibraries.BaseClass" name="@AfterMethod amConfigration" time="-1.69089405861E9">
    <skipped/>
  </testcase> <!-- @AfterMethod amConfigration -->
  <testcase classname="Convox.GenericLibraries.BaseClass" name="@BeforeMethod bmConfigration" time="-1.690894058611E9">
    <skipped/>
  </testcase> <!-- @BeforeMethod bmConfigration -->
  <testcase classname="Convox.GenericLibraries.BaseClass" name="@AfterMethod amConfigration" time="-1.690894058617E9">
    <skipped/>
  </testcase> <!-- @AfterMethod amConfigration -->
  <testcase classname="Convox.GenericLibraries.BaseClass" name="@BeforeMethod bmConfigration" time="-1.690894058618E9">
    <skipped/>
  </testcase> <!-- @BeforeMethod bmConfigration -->
  <testcase classname="Convox.GenericLibraries.BaseClass" name="@AfterMethod amConfigration" time="-1.690894058635E9">
    <skipped/>
  </testcase> <!-- @AfterMethod amConfigration -->
  <testcase classname="Convox.GenericLibraries.BaseClass" name="@BeforeMethod bmConfigration" time="-1.690894058638E9">
    <skipped/>
  </testcase> <!-- @BeforeMethod bmConfigration -->
  <testcase classname="Convox.GenericLibraries.BaseClass" name="@AfterMethod amConfigration" time="-1.69089405865E9">
    <skipped/>
  </testcase> <!-- @AfterMethod amConfigration -->
  <testcase classname="Convox.GenericLibraries.BaseClass" name="@BeforeMethod bmConfigration" time="-1.690894058651E9">
    <skipped/>
  </testcase> <!-- @BeforeMethod bmConfigration -->
  <testcase classname="Convox.GenericLibraries.BaseClass" name="@AfterMethod amConfigration" time="-1.690894058657E9">
    <skipped/>
  </testcase> <!-- @AfterMethod amConfigration -->
  <testcase classname="Convox.GenericLibraries.BaseClass" name="@BeforeMethod bmConfigration" time="-1.690894058658E9">
    <skipped/>
  </testcase> <!-- @BeforeMethod bmConfigration -->
  <testcase classname="Convox.GenericLibraries.BaseClass" name="@AfterMethod amConfigration" time="-1.690894058664E9">
    <skipped/>
  </testcase> <!-- @AfterMethod amConfigration -->
  <testcase classname="Convox.GenericLibraries.BaseClass" name="@BeforeMethod bmConfigration" time="-1.690894058666E9">
    <skipped/>
  </testcase> <!-- @BeforeMethod bmConfigration -->
  <testcase classname="Convox.GenericLibraries.BaseClass" name="@AfterMethod amConfigration" time="-1.690894058671E9">
    <skipped/>
  </testcase> <!-- @AfterMethod amConfigration -->
  <testcase classname="Convox.GenericLibraries.BaseClass" name="@BeforeMethod bmConfigration" time="-1.690894058678E9">
    <skipped/>
  </testcase> <!-- @BeforeMethod bmConfigration -->
  <testcase classname="Convox.GenericLibraries.BaseClass" name="@AfterMethod amConfigration" time="-1.690894058688E9">
    <skipped/>
  </testcase> <!-- @AfterMethod amConfigration -->
  <testcase classname="Convox.GenericLibraries.BaseClass" name="@BeforeMethod bmConfigration" time="-1.690894058689E9">
    <skipped/>
  </testcase> <!-- @BeforeMethod bmConfigration -->
  <testcase classname="Convox.GenericLibraries.BaseClass" name="@AfterMethod amConfigration" time="-1.690894058696E9">
    <skipped/>
  </testcase> <!-- @AfterMethod amConfigration -->
  <testcase classname="Convox.GenericLibraries.BaseClass" name="@BeforeMethod bmConfigration" time="-1.6908940587E9">
    <skipped/>
  </testcase> <!-- @BeforeMethod bmConfigration -->
  <testcase classname="Convox.GenericLibraries.BaseClass" name="@AfterMethod amConfigration" time="-1.690894058709E9">
    <skipped/>
  </testcase> <!-- @AfterMethod amConfigration -->
  <testcase classname="Convox.GenericLibraries.BaseClass" name="@BeforeMethod bmConfigration" time="-1.690894058723E9">
    <skipped/>
  </testcase> <!-- @BeforeMethod bmConfigration -->
  <testcase classname="Convox.GenericLibraries.BaseClass" name="@AfterMethod amConfigration" time="-1.690894058731E9">
    <skipped/>
  </testcase> <!-- @AfterMethod amConfigration -->
  <testcase classname="Convox.GenericLibraries.BaseClass" name="@BeforeMethod bmConfigration" time="-1.690894058733E9">
    <skipped/>
  </testcase> <!-- @BeforeMethod bmConfigration -->
  <testcase classname="Convox.GenericLibraries.BaseClass" name="@AfterMethod amConfigration" time="-1.690894058759E9">
    <skipped/>
  </testcase> <!-- @AfterMethod amConfigration -->
  <testcase classname="Convox.GenericLibraries.BaseClass" name="@BeforeMethod bmConfigration" time="-1.690894058763E9">
    <skipped/>
  </testcase> <!-- @BeforeMethod bmConfigration -->
  <testcase classname="Convox.GenericLibraries.BaseClass" name="@AfterMethod amConfigration" time="-1.690894058774E9">
    <skipped/>
  </testcase> <!-- @AfterMethod amConfigration -->
  <testcase classname="Convox.GenericLibraries.BaseClass" name="@BeforeMethod bmConfigration" time="-1.690894058787E9">
    <skipped/>
  </testcase> <!-- @BeforeMethod bmConfigration -->
  <testcase classname="Convox.GenericLibraries.BaseClass" name="@AfterMethod amConfigration" time="-1.690894058799E9">
    <skipped/>
  </testcase> <!-- @AfterMethod amConfigration -->
  <testcase classname="Convox.GenericLibraries.BaseClass" name="@BeforeMethod bmConfigration" time="-1.690894058804E9">
    <skipped/>
  </testcase> <!-- @BeforeMethod bmConfigration -->
  <testcase classname="Convox.GenericLibraries.BaseClass" name="@AfterMethod amConfigration" time="-1.690894058814E9">
    <skipped/>
  </testcase> <!-- @AfterMethod amConfigration -->
  <testcase classname="Convox.GenericLibraries.BaseClass" name="@BeforeMethod bmConfigration" time="-1.690894058816E9">
    <skipped/>
  </testcase> <!-- @BeforeMethod bmConfigration -->
  <testcase classname="Convox.GenericLibraries.BaseClass" name="@AfterMethod amConfigration" time="-1.690894058823E9">
    <skipped/>
  </testcase> <!-- @AfterMethod amConfigration -->
  <testcase classname="Convox.GenericLibraries.BaseClass" name="@BeforeMethod bmConfigration" time="-1.690894058824E9">
    <skipped/>
  </testcase> <!-- @BeforeMethod bmConfigration -->
  <testcase classname="Convox.GenericLibraries.BaseClass" name="@AfterMethod amConfigration" time="-1.690894058929E9">
    <skipped/>
  </testcase> <!-- @AfterMethod amConfigration -->
  <testcase classname="Convox.GenericLibraries.BaseClass" name="@BeforeMethod bmConfigration" time="-1.69089405893E9">
    <skipped/>
  </testcase> <!-- @BeforeMethod bmConfigration -->
  <testcase classname="Convox.GenericLibraries.BaseClass" name="@AfterMethod amConfigration" time="-1.690894058936E9">
    <skipped/>
  </testcase> <!-- @AfterMethod amConfigration -->
  <testcase classname="Convox.GenericLibraries.BaseClass" name="@BeforeMethod bmConfigration" time="-1.690894058938E9">
    <skipped/>
  </testcase> <!-- @BeforeMethod bmConfigration -->
  <testcase classname="Convox.GenericLibraries.BaseClass" name="@AfterMethod amConfigration" time="-1.690894058952E9">
    <skipped/>
  </testcase> <!-- @AfterMethod amConfigration -->
  <testcase classname="Convox.GenericLibraries.BaseClass" name="@BeforeMethod bmConfigration" time="-1.690894058953E9">
    <skipped/>
  </testcase> <!-- @BeforeMethod bmConfigration -->
  <testcase classname="Convox.GenericLibraries.BaseClass" name="@AfterMethod amConfigration" time="-1.690894058965E9">
    <skipped/>
  </testcase> <!-- @AfterMethod amConfigration -->
  <testcase classname="Convox.GenericLibraries.BaseClass" name="@BeforeMethod bmConfigration" time="-1.690894058967E9">
    <skipped/>
  </testcase> <!-- @BeforeMethod bmConfigration -->
  <testcase classname="Convox.GenericLibraries.BaseClass" name="@AfterMethod amConfigration" time="-1.690894058981E9">
    <skipped/>
  </testcase> <!-- @AfterMethod amConfigration -->
  <testcase classname="Convox.GenericLibraries.BaseClass" name="@BeforeMethod bmConfigration" time="-1.690894058984E9">
    <skipped/>
  </testcase> <!-- @BeforeMethod bmConfigration -->
  <testcase classname="Convox.GenericLibraries.BaseClass" name="@AfterMethod amConfigration" time="-1.690894059034E9">
    <skipped/>
  </testcase> <!-- @AfterMethod amConfigration -->
  <testcase classname="Convox.GenericLibraries.BaseClass" name="@BeforeMethod bmConfigration" time="-1.690894059037E9">
    <skipped/>
  </testcase> <!-- @BeforeMethod bmConfigration -->
  <testcase classname="Convox.GenericLibraries.BaseClass" name="@AfterMethod amConfigration" time="-1.690894059044E9">
    <skipped/>
  </testcase> <!-- @AfterMethod amConfigration -->
  <testcase classname="Convox.GenericLibraries.BaseClass" name="@BeforeMethod bmConfigration" time="-1.690894059045E9">
    <skipped/>
  </testcase> <!-- @BeforeMethod bmConfigration -->
  <testcase classname="Convox.GenericLibraries.BaseClass" name="@AfterMethod amConfigration" time="-1.690894059063E9">
    <skipped/>
  </testcase> <!-- @AfterMethod amConfigration -->
  <testcase classname="Convox.GenericLibraries.BaseClass" name="@BeforeMethod bmConfigration" time="-1.690894059066E9">
    <skipped/>
  </testcase> <!-- @BeforeMethod bmConfigration -->
  <testcase classname="Convox.GenericLibraries.BaseClass" name="@AfterMethod amConfigration" time="-1.690894059072E9">
    <skipped/>
  </testcase> <!-- @AfterMethod amConfigration -->
  <testcase classname="Convox.GenericLibraries.BaseClass" name="@BeforeMethod bmConfigration" time="-1.690894059074E9">
    <skipped/>
  </testcase> <!-- @BeforeMethod bmConfigration -->
  <testcase classname="Convox.GenericLibraries.BaseClass" name="@AfterMethod amConfigration" time="-1.690894059088E9">
    <skipped/>
  </testcase> <!-- @AfterMethod amConfigration -->
  <testcase classname="Convox.GenericLibraries.BaseClass" name="@BeforeMethod bmConfigration" time="-1.690894059089E9">
    <skipped/>
  </testcase> <!-- @BeforeMethod bmConfigration -->
  <testcase classname="Convox.GenericLibraries.BaseClass" name="@AfterMethod amConfigration" time="-1.690894059096E9">
    <skipped/>
  </testcase> <!-- @AfterMethod amConfigration -->
  <testcase classname="Convox.GenericLibraries.BaseClass" name="@BeforeMethod bmConfigration" time="-1.690894059124E9">
    <skipped/>
  </testcase> <!-- @BeforeMethod bmConfigration -->
  <testcase classname="Convox.GenericLibraries.BaseClass" name="@AfterMethod amConfigration" time="-1.690894059142E9">
    <skipped/>
  </testcase> <!-- @AfterMethod amConfigration -->
  <testcase classname="Convox.GenericLibraries.BaseClass" name="@BeforeMethod bmConfigration" time="-1.690894059144E9">
    <skipped/>
  </testcase> <!-- @BeforeMethod bmConfigration -->
  <testcase classname="Convox.GenericLibraries.BaseClass" name="@AfterMethod amConfigration" time="-1.690894059166E9">
    <skipped/>
  </testcase> <!-- @AfterMethod amConfigration -->
  <testcase classname="Convox.GenericLibraries.BaseClass" name="@BeforeMethod bmConfigration" time="-1.690894059168E9">
    <skipped/>
  </testcase> <!-- @BeforeMethod bmConfigration -->
  <testcase classname="Convox.GenericLibraries.BaseClass" name="@AfterMethod amConfigration" time="-1.690894059203E9">
    <skipped/>
  </testcase> <!-- @AfterMethod amConfigration -->
  <testcase classname="Convox.GenericLibraries.BaseClass" name="@BeforeMethod bmConfigration" time="-1.690894059205E9">
    <skipped/>
  </testcase> <!-- @BeforeMethod bmConfigration -->
  <testcase classname="Convox.GenericLibraries.BaseClass" name="@AfterMethod amConfigration" time="-1.690894059268E9">
    <skipped/>
  </testcase> <!-- @AfterMethod amConfigration -->
  <testcase classname="Convox.GenericLibraries.BaseClass" name="@BeforeMethod bmConfigration" time="-1.690894059275E9">
    <skipped/>
  </testcase> <!-- @BeforeMethod bmConfigration -->
  <testcase classname="Convox.GenericLibraries.BaseClass" name="@AfterMethod amConfigration" time="-1.690894059336E9">
    <skipped/>
  </testcase> <!-- @AfterMethod amConfigration -->
  <testcase classname="Convox.GenericLibraries.BaseClass" name="@BeforeMethod bmConfigration" time="-1.690894059339E9">
    <skipped/>
  </testcase> <!-- @BeforeMethod bmConfigration -->
  <testcase classname="Convox.GenericLibraries.BaseClass" name="@AfterMethod amConfigration" time="-1.690894059351E9">
    <skipped/>
  </testcase> <!-- @AfterMethod amConfigration -->
  <testcase classname="Convox.GenericLibraries.BaseClass" name="@BeforeMethod bmConfigration" time="-1.690894059353E9">
    <skipped/>
  </testcase> <!-- @BeforeMethod bmConfigration -->
  <testcase classname="Convox.GenericLibraries.BaseClass" name="@AfterMethod amConfigration" time="-1.690894059359E9">
    <skipped/>
  </testcase> <!-- @AfterMethod amConfigration -->
  <testcase classname="Convox.GenericLibraries.BaseClass" name="@BeforeMethod bmConfigration" time="-1.690894059361E9">
    <skipped/>
  </testcase> <!-- @BeforeMethod bmConfigration -->
  <testcase classname="Convox.GenericLibraries.BaseClass" name="@AfterMethod amConfigration" time="-1.690894059367E9">
    <skipped/>
  </testcase> <!-- @AfterMethod amConfigration -->
  <testcase classname="Convox.GenericLibraries.BaseClass" name="@BeforeMethod bmConfigration" time="-1.690894059368E9">
    <skipped/>
  </testcase> <!-- @BeforeMethod bmConfigration -->
  <testcase classname="Convox.GenericLibraries.BaseClass" name="@AfterMethod amConfigration" time="-1.690894059373E9">
    <skipped/>
  </testcase> <!-- @AfterMethod amConfigration -->
  <testcase classname="Convox.GenericLibraries.BaseClass" name="@BeforeMethod bmConfigration" time="-1.690894059374E9">
    <skipped/>
  </testcase> <!-- @BeforeMethod bmConfigration -->
  <testcase classname="Convox.GenericLibraries.BaseClass" name="@AfterMethod amConfigration" time="-1.690894059455E9">
    <skipped/>
  </testcase> <!-- @AfterMethod amConfigration -->
  <testcase classname="Convox.GenericLibraries.BaseClass" name="@BeforeMethod bmConfigration" time="-1.690894059457E9">
    <skipped/>
  </testcase> <!-- @BeforeMethod bmConfigration -->
  <testcase classname="Convox.GenericLibraries.BaseClass" name="@AfterMethod amConfigration" time="-1.690894059475E9">
    <skipped/>
  </testcase> <!-- @AfterMethod amConfigration -->
  <testcase classname="Convox.GenericLibraries.BaseClass" name="@BeforeMethod bmConfigration" time="-1.690894059477E9">
    <skipped/>
  </testcase> <!-- @BeforeMethod bmConfigration -->
  <testcase classname="Convox.GenericLibraries.BaseClass" name="@AfterMethod amConfigration" time="-1.690894059484E9">
    <skipped/>
  </testcase> <!-- @AfterMethod amConfigration -->
  <testcase classname="Convox.GenericLibraries.BaseClass" name="@BeforeMethod bmConfigration" time="-1.690894059486E9">
    <skipped/>
  </testcase> <!-- @BeforeMethod bmConfigration -->
  <testcase classname="Convox.GenericLibraries.BaseClass" name="@AfterMethod amConfigration" time="-1.690894059513E9">
    <skipped/>
  </testcase> <!-- @AfterMethod amConfigration -->
  <testcase classname="Convox.GenericLibraries.BaseClass" name="@BeforeMethod bmConfigration" time="-1.690894059514E9">
    <skipped/>
  </testcase> <!-- @BeforeMethod bmConfigration -->
  <testcase classname="Convox.GenericLibraries.BaseClass" name="@AfterMethod amConfigration" time="-1.690894059526E9">
    <skipped/>
  </testcase> <!-- @AfterMethod amConfigration -->
  <testcase classname="Convox.GenericLibraries.BaseClass" name="@BeforeMethod bmConfigration" time="-1.690894059529E9">
    <skipped/>
  </testcase> <!-- @BeforeMethod bmConfigration -->
  <testcase classname="Convox.GenericLibraries.BaseClass" name="@AfterMethod amConfigration" time="-1.690894059539E9">
    <skipped/>
  </testcase> <!-- @AfterMethod amConfigration -->
  <testcase classname="Convox.GenericLibraries.BaseClass" name="@BeforeMethod bmConfigration" time="-1.69089405954E9">
    <skipped/>
  </testcase> <!-- @BeforeMethod bmConfigration -->
  <testcase classname="Convox.GenericLibraries.BaseClass" name="@AfterMethod amConfigration" time="-1.69089405955E9">
    <skipped/>
  </testcase> <!-- @AfterMethod amConfigration -->
  <testcase classname="Convox.GenericLibraries.BaseClass" name="@BeforeMethod bmConfigration" time="-1.690894059553E9">
    <skipped/>
  </testcase> <!-- @BeforeMethod bmConfigration -->
  <testcase classname="Convox.GenericLibraries.BaseClass" name="@AfterMethod amConfigration" time="-1.690894059558E9">
    <skipped/>
  </testcase> <!-- @AfterMethod amConfigration -->
  <testcase classname="Convox.GenericLibraries.BaseClass" name="@BeforeMethod bmConfigration" time="-1.690894059559E9">
    <skipped/>
  </testcase> <!-- @BeforeMethod bmConfigration -->
  <testcase classname="Convox.GenericLibraries.BaseClass" name="@AfterMethod amConfigration" time="-1.690894059569E9">
    <skipped/>
  </testcase> <!-- @AfterMethod amConfigration -->
  <testcase classname="Convox.GenericLibraries.BaseClass" name="@BeforeMethod bmConfigration" time="-1.690894059578E9">
    <skipped/>
  </testcase> <!-- @BeforeMethod bmConfigration -->
  <testcase classname="Convox.GenericLibraries.BaseClass" name="@AfterMethod amConfigration" time="-1.690894059588E9">
    <skipped/>
  </testcase> <!-- @AfterMethod amConfigration -->
  <testcase classname="Convox.GenericLibraries.BaseClass" name="@BeforeMethod bmConfigration" time="-1.690894059591E9">
    <skipped/>
  </testcase> <!-- @BeforeMethod bmConfigration -->
  <testcase classname="Convox.GenericLibraries.BaseClass" name="@AfterMethod amConfigration" time="-1.690894059639E9">
    <skipped/>
  </testcase> <!-- @AfterMethod amConfigration -->
  <testcase classname="Convox.GenericLibraries.BaseClass" name="@BeforeMethod bmConfigration" time="-1.690894059642E9">
    <skipped/>
  </testcase> <!-- @BeforeMethod bmConfigration -->
  <testcase classname="Convox.GenericLibraries.BaseClass" name="@AfterMethod amConfigration" time="-1.690894059661E9">
    <skipped/>
  </testcase> <!-- @AfterMethod amConfigration -->
  <testcase classname="Convox.GenericLibraries.BaseClass" name="@BeforeMethod bmConfigration" time="-1.690894059665E9">
    <skipped/>
  </testcase> <!-- @BeforeMethod bmConfigration -->
  <testcase classname="Convox.GenericLibraries.BaseClass" name="@AfterMethod amConfigration" time="-1.69089405967E9">
    <skipped/>
  </testcase> <!-- @AfterMethod amConfigration -->
  <testcase classname="Convox.GenericLibraries.BaseClass" name="@BeforeMethod bmConfigration" time="-1.690894059672E9">
    <skipped/>
  </testcase> <!-- @BeforeMethod bmConfigration -->
  <testcase classname="Convox.GenericLibraries.BaseClass" name="@AfterMethod amConfigration" time="-1.690894059677E9">
    <skipped/>
  </testcase> <!-- @AfterMethod amConfigration -->
  <testcase classname="Convox.GenericLibraries.BaseClass" name="@BeforeMethod bmConfigration" time="-1.690894059682E9">
    <skipped/>
  </testcase> <!-- @BeforeMethod bmConfigration -->
  <testcase classname="Convox.GenericLibraries.BaseClass" name="@AfterMethod amConfigration" time="-1.690894059701E9">
    <skipped/>
  </testcase> <!-- @AfterMethod amConfigration -->
  <testcase classname="Convox.GenericLibraries.BaseClass" name="@BeforeMethod bmConfigration" time="-1.690894059702E9">
    <skipped/>
  </testcase> <!-- @BeforeMethod bmConfigration -->
  <testcase classname="Convox.GenericLibraries.BaseClass" name="@AfterMethod amConfigration" time="-1.690894059707E9">
    <skipped/>
  </testcase> <!-- @AfterMethod amConfigration -->
  <testcase classname="Convox.GenericLibraries.BaseClass" name="@BeforeMethod bmConfigration" time="-1.690894059707E9">
    <skipped/>
  </testcase> <!-- @BeforeMethod bmConfigration -->
  <testcase classname="Convox.GenericLibraries.BaseClass" name="@AfterMethod amConfigration" time="-1.690894059712E9">
    <skipped/>
  </testcase> <!-- @AfterMethod amConfigration -->
  <testcase classname="Convox.GenericLibraries.BaseClass" name="@BeforeMethod bmConfigration" time="-1.690894059713E9">
    <skipped/>
  </testcase> <!-- @BeforeMethod bmConfigration -->
  <testcase classname="Convox.GenericLibraries.BaseClass" name="@AfterMethod amConfigration" time="-1.690894059717E9">
    <skipped/>
  </testcase> <!-- @AfterMethod amConfigration -->
  <testcase classname="Convox.GenericLibraries.BaseClass" name="@BeforeMethod bmConfigration" time="-1.690894059718E9">
    <skipped/>
  </testcase> <!-- @BeforeMethod bmConfigration -->
  <testcase classname="Convox.GenericLibraries.BaseClass" name="@AfterMethod amConfigration" time="-1.690894059726E9">
    <skipped/>
  </testcase> <!-- @AfterMethod amConfigration -->
  <testcase classname="Convox.GenericLibraries.BaseClass" name="@BeforeMethod bmConfigration" time="-1.690894059727E9">
    <skipped/>
  </testcase> <!-- @BeforeMethod bmConfigration -->
  <testcase classname="Convox.GenericLibraries.BaseClass" name="@AfterMethod amConfigration" time="-1.690894059731E9">
    <skipped/>
  </testcase> <!-- @AfterMethod amConfigration -->
  <testcase classname="Convox.GenericLibraries.BaseClass" name="@BeforeMethod bmConfigration" time="-1.690894059732E9">
    <skipped/>
  </testcase> <!-- @BeforeMethod bmConfigration -->
  <testcase classname="Convox.GenericLibraries.BaseClass" name="@AfterMethod amConfigration" time="-1.690894059736E9">
    <skipped/>
  </testcase> <!-- @AfterMethod amConfigration -->
  <testcase classname="Convox.GenericLibraries.BaseClass" name="@BeforeMethod bmConfigration" time="-1.690894059738E9">
    <skipped/>
  </testcase> <!-- @BeforeMethod bmConfigration -->
  <testcase classname="Convox.GenericLibraries.BaseClass" name="@AfterMethod amConfigration" time="-1.690894059744E9">
    <skipped/>
  </testcase> <!-- @AfterMethod amConfigration -->
  <testcase classname="Convox.GenericLibraries.BaseClass" name="@BeforeMethod bmConfigration" time="-1.690894059746E9">
    <skipped/>
  </testcase> <!-- @BeforeMethod bmConfigration -->
  <testcase classname="Convox.GenericLibraries.BaseClass" name="@AfterMethod amConfigration" time="-1.690894059755E9">
    <skipped/>
  </testcase> <!-- @AfterMethod amConfigration -->
  <testcase classname="Convox.GenericLibraries.BaseClass" name="@BeforeMethod bmConfigration" time="-1.690894059757E9">
    <skipped/>
  </testcase> <!-- @BeforeMethod bmConfigration -->
  <testcase classname="Convox.GenericLibraries.BaseClass" name="@AfterMethod amConfigration" time="-1.690894059778E9">
    <skipped/>
  </testcase> <!-- @AfterMethod amConfigration -->
  <testcase classname="Convox.GenericLibraries.BaseClass" name="@BeforeMethod bmConfigration" time="-1.690894059784E9">
    <skipped/>
  </testcase> <!-- @BeforeMethod bmConfigration -->
  <testcase classname="Convox.GenericLibraries.BaseClass" name="@AfterMethod amConfigration" time="-1.690894059791E9">
    <skipped/>
  </testcase> <!-- @AfterMethod amConfigration -->
  <testcase classname="Convox.GenericLibraries.BaseClass" name="@BeforeMethod bmConfigration" time="-1.690894059792E9">
    <skipped/>
  </testcase> <!-- @BeforeMethod bmConfigration -->
  <testcase classname="Convox.GenericLibraries.BaseClass" name="@AfterMethod amConfigration" time="-1.6908940598E9">
    <skipped/>
  </testcase> <!-- @AfterMethod amConfigration -->
  <testcase classname="Convox.GenericLibraries.BaseClass" name="@BeforeMethod bmConfigration" time="-1.690894059801E9">
    <skipped/>
  </testcase> <!-- @BeforeMethod bmConfigration -->
  <testcase classname="Convox.GenericLibraries.BaseClass" name="@AfterMethod amConfigration" time="-1.690894059812E9">
    <skipped/>
  </testcase> <!-- @AfterMethod amConfigration -->
  <testcase classname="Convox.GenericLibraries.BaseClass" name="@BeforeMethod bmConfigration" time="-1.690894059821E9">
    <skipped/>
  </testcase> <!-- @BeforeMethod bmConfigration -->
  <testcase classname="Convox.GenericLibraries.BaseClass" name="@AfterMethod amConfigration" time="-1.690894059828E9">
    <skipped/>
  </testcase> <!-- @AfterMethod amConfigration -->
  <testcase classname="Convox.GenericLibraries.BaseClass" name="@BeforeMethod bmConfigration" time="-1.69089405983E9">
    <skipped/>
  </testcase> <!-- @BeforeMethod bmConfigration -->
  <testcase classname="Convox.GenericLibraries.BaseClass" name="@AfterMethod amConfigration" time="-1.690894059835E9">
    <skipped/>
  </testcase> <!-- @AfterMethod amConfigration -->
  <testcase classname="Convox.GenericLibraries.BaseClass" name="@BeforeMethod bmConfigration" time="-1.690894059836E9">
    <skipped/>
  </testcase> <!-- @BeforeMethod bmConfigration -->
  <testcase classname="Convox.GenericLibraries.BaseClass" name="@AfterMethod amConfigration" time="-1.69089405984E9">
    <skipped/>
  </testcase> <!-- @AfterMethod amConfigration -->
  <testcase classname="Convox.GenericLibraries.BaseClass" name="@BeforeMethod bmConfigration" time="-1.690894059841E9">
    <skipped/>
  </testcase> <!-- @BeforeMethod bmConfigration -->
  <testcase classname="Convox.GenericLibraries.BaseClass" name="@AfterMethod amConfigration" time="-1.69089405986E9">
    <skipped/>
  </testcase> <!-- @AfterMethod amConfigration -->
  <testcase classname="Convox.GenericLibraries.BaseClass" name="@BeforeMethod bmConfigration" time="-1.690894059861E9">
    <skipped/>
  </testcase> <!-- @BeforeMethod bmConfigration -->
  <testcase classname="Convox.GenericLibraries.BaseClass" name="@AfterMethod amConfigration" time="-1.690894059866E9">
    <skipped/>
  </testcase> <!-- @AfterMethod amConfigration -->
  <testcase classname="Convox.GenericLibraries.BaseClass" name="@BeforeMethod bmConfigration" time="-1.690894059867E9">
    <skipped/>
  </testcase> <!-- @BeforeMethod bmConfigration -->
  <testcase classname="Convox.GenericLibraries.BaseClass" name="@AfterMethod amConfigration" time="-1.690894059881E9">
    <skipped/>
  </testcase> <!-- @AfterMethod amConfigration -->
  <testcase classname="Convox.GenericLibraries.BaseClass" name="@BeforeMethod bmConfigration" time="-1.690894059883E9">
    <skipped/>
  </testcase> <!-- @BeforeMethod bmConfigration -->
  <testcase classname="Convox.GenericLibraries.BaseClass" name="@AfterMethod amConfigration" time="-1.690894059887E9">
    <skipped/>
  </testcase> <!-- @AfterMethod amConfigration -->
  <testcase classname="Convox.GenericLibraries.BaseClass" name="@BeforeMethod bmConfigration" time="-1.690894059887E9">
    <skipped/>
  </testcase> <!-- @BeforeMethod bmConfigration -->
  <testcase classname="Convox.GenericLibraries.BaseClass" name="@AfterMethod amConfigration" time="-1.690894059934E9">
    <skipped/>
  </testcase> <!-- @AfterMethod amConfigration -->
  <testcase classname="Convox.GenericLibraries.BaseClass" name="@BeforeMethod bmConfigration" time="-1.690894059936E9">
    <skipped/>
  </testcase> <!-- @BeforeMethod bmConfigration -->
  <testcase classname="Convox.GenericLibraries.BaseClass" name="@AfterMethod amConfigration" time="-1.690894059943E9">
    <skipped/>
  </testcase> <!-- @AfterMethod amConfigration -->
  <testcase classname="Convox.GenericLibraries.BaseClass" name="@BeforeMethod bmConfigration" time="-1.690894059943E9">
    <skipped/>
  </testcase> <!-- @BeforeMethod bmConfigration -->
  <testcase classname="Convox.GenericLibraries.BaseClass" name="@AfterMethod amConfigration" time="-1.690894059952E9">
    <skipped/>
  </testcase> <!-- @AfterMethod amConfigration -->
  <testcase classname="Convox.GenericLibraries.BaseClass" name="@BeforeMethod bmConfigration" time="-1.690894059953E9">
    <skipped/>
  </testcase> <!-- @BeforeMethod bmConfigration -->
  <testcase classname="Convox.GenericLibraries.BaseClass" name="@AfterMethod amConfigration" time="-1.690894059959E9">
    <skipped/>
  </testcase> <!-- @AfterMethod amConfigration -->
  <testcase classname="Convox.GenericLibraries.BaseClass" name="@BeforeMethod bmConfigration" time="-1.69089405996E9">
    <skipped/>
  </testcase> <!-- @BeforeMethod bmConfigration -->
  <testcase classname="Convox.GenericLibraries.BaseClass" name="@AfterMethod amConfigration" time="-1.690894059967E9">
    <skipped/>
  </testcase> <!-- @AfterMethod amConfigration -->
  <testcase classname="Convox.GenericLibraries.BaseClass" name="@BeforeMethod bmConfigration" time="-1.690894059968E9">
    <skipped/>
  </testcase> <!-- @BeforeMethod bmConfigration -->
  <testcase classname="Convox.GenericLibraries.BaseClass" name="@AfterMethod amConfigration" time="-1.690894059973E9">
    <skipped/>
  </testcase> <!-- @AfterMethod amConfigration -->
  <testcase classname="Convox.GenericLibraries.BaseClass" name="@BeforeMethod bmConfigration" time="-1.690894059975E9">
    <skipped/>
  </testcase> <!-- @BeforeMethod bmConfigration -->
  <testcase classname="Convox.GenericLibraries.BaseClass" name="@AfterMethod amConfigration" time="-1.690894059979E9">
    <skipped/>
  </testcase> <!-- @AfterMethod amConfigration -->
  <testcase classname="Convox.GenericLibraries.BaseClass" name="@BeforeMethod bmConfigration" time="-1.69089405998E9">
    <skipped/>
  </testcase> <!-- @BeforeMethod bmConfigration -->
  <testcase classname="Convox.GenericLibraries.BaseClass" name="@AfterMethod amConfigration" time="-1.690894059985E9">
    <skipped/>
  </testcase> <!-- @AfterMethod amConfigration -->
  <testcase classname="Convox.GenericLibraries.BaseClass" name="@BeforeMethod bmConfigration" time="-1.690894059987E9">
    <skipped/>
  </testcase> <!-- @BeforeMethod bmConfigration -->
  <testcase classname="Convox.GenericLibraries.BaseClass" name="@AfterMethod amConfigration" time="-1.690894059994E9">
    <skipped/>
  </testcase> <!-- @AfterMethod amConfigration -->
  <testcase classname="Convox.GenericLibraries.BaseClass" name="@BeforeMethod bmConfigration" time="-1.690894059994E9">
    <skipped/>
  </testcase> <!-- @BeforeMethod bmConfigration -->
  <testcase classname="Convox.GenericLibraries.BaseClass" name="@AfterMethod amConfigration" time="-1.690894060003E9">
    <skipped/>
  </testcase> <!-- @AfterMethod amConfigration -->
  <testcase classname="Convox.GenericLibraries.BaseClass" name="@BeforeMethod bmConfigration" time="-1.690894060004E9">
    <skipped/>
  </testcase> <!-- @BeforeMethod bmConfigration -->
  <testcase classname="Convox.GenericLibraries.BaseClass" name="@AfterMethod amConfigration" time="-1.690894060016E9">
    <skipped/>
  </testcase> <!-- @AfterMethod amConfigration -->
  <testcase classname="Convox.GenericLibraries.BaseClass" name="@BeforeMethod bmConfigration" time="-1.690894060017E9">
    <skipped/>
  </testcase> <!-- @BeforeMethod bmConfigration -->
  <testcase classname="Convox.GenericLibraries.BaseClass" name="@AfterMethod amConfigration" time="-1.690894060034E9">
    <skipped/>
  </testcase> <!-- @AfterMethod amConfigration -->
  <testcase classname="Convox.GenericLibraries.BaseClass" name="@BeforeMethod bmConfigration" time="-1.690894060035E9">
    <skipped/>
  </testcase> <!-- @BeforeMethod bmConfigration -->
  <testcase classname="Convox.GenericLibraries.BaseClass" name="@AfterMethod amConfigration" time="-1.69089406004E9">
    <skipped/>
  </testcase> <!-- @AfterMethod amConfigration -->
  <testcase classname="Convox.GenericLibraries.BaseClass" name="@BeforeMethod bmConfigration" time="-1.690894060041E9">
    <skipped/>
  </testcase> <!-- @BeforeMethod bmConfigration -->
  <testcase classname="Convox.GenericLibraries.BaseClass" name="@AfterMethod amConfigration" time="-1.690894060044E9">
    <skipped/>
  </testcase> <!-- @AfterMethod amConfigration -->
  <testcase classname="Convox.GenericLibraries.BaseClass" name="@BeforeMethod bmConfigration" time="-1.690894060045E9">
    <skipped/>
  </testcase> <!-- @BeforeMethod bmConfigration -->
  <testcase classname="Convox.GenericLibraries.BaseClass" name="@AfterMethod amConfigration" time="-1.69089406005E9">
    <skipped/>
  </testcase> <!-- @AfterMethod amConfigration -->
  <testcase classname="Convox.GenericLibraries.BaseClass" name="@BeforeMethod bmConfigration" time="-1.690894060051E9">
    <skipped/>
  </testcase> <!-- @BeforeMethod bmConfigration -->
  <testcase classname="Convox.GenericLibraries.BaseClass" name="@AfterMethod amConfigration" time="-1.690894060056E9">
    <skipped/>
  </testcase> <!-- @AfterMethod amConfigration -->
  <testcase classname="Convox.GenericLibraries.BaseClass" name="@BeforeMethod bmConfigration" time="-1.690894060057E9">
    <skipped/>
  </testcase> <!-- @BeforeMethod bmConfigration -->
  <testcase classname="Convox.GenericLibraries.BaseClass" name="@AfterMethod amConfigration" time="-1.690894060063E9">
    <skipped/>
  </testcase> <!-- @AfterMethod amConfigration -->
  <testcase classname="Convox.GenericLibraries.BaseClass" name="@BeforeMethod bmConfigration" time="-1.690894060065E9">
    <skipped/>
  </testcase> <!-- @BeforeMethod bmConfigration -->
  <testcase classname="Convox.GenericLibraries.BaseClass" name="@AfterMethod amConfigration" time="-1.69089406009E9">
    <skipped/>
  </testcase> <!-- @AfterMethod amConfigration -->
  <testcase classname="Convox.GenericLibraries.BaseClass" name="@BeforeMethod bmConfigration" time="-1.690894060091E9">
    <skipped/>
  </testcase> <!-- @BeforeMethod bmConfigration -->
  <testcase classname="Convox.GenericLibraries.BaseClass" name="@AfterMethod amConfigration" time="-1.690894060102E9">
    <skipped/>
  </testcase> <!-- @AfterMethod amConfigration -->
  <testcase classname="Convox.GenericLibraries.BaseClass" name="@BeforeMethod bmConfigration" time="-1.690894060102E9">
    <skipped/>
  </testcase> <!-- @BeforeMethod bmConfigration -->
  <testcase classname="Convox.GenericLibraries.BaseClass" name="@AfterMethod amConfigration" time="-1.690894060113E9">
    <skipped/>
  </testcase> <!-- @AfterMethod amConfigration -->
  <testcase classname="Convox.GenericLibraries.BaseClass" name="@BeforeMethod bmConfigration" time="-1.690894060114E9">
    <skipped/>
  </testcase> <!-- @BeforeMethod bmConfigration -->
  <testcase classname="Convox.GenericLibraries.BaseClass" name="@AfterMethod amConfigration" time="-1.690894060118E9">
    <skipped/>
  </testcase> <!-- @AfterMethod amConfigration -->
  <testcase classname="Convox.GenericLibraries.BaseClass" name="@BeforeMethod bmConfigration" time="-1.690894060119E9">
    <skipped/>
  </testcase> <!-- @BeforeMethod bmConfigration -->
  <testcase classname="Convox.GenericLibraries.BaseClass" name="@AfterMethod amConfigration" time="-1.690894060123E9">
    <skipped/>
  </testcase> <!-- @AfterMethod amConfigration -->
  <testcase classname="Convox.GenericLibraries.BaseClass" name="@BeforeMethod bmConfigration" time="-1.690894060124E9">
    <skipped/>
  </testcase> <!-- @BeforeMethod bmConfigration -->
  <testcase classname="Convox.GenericLibraries.BaseClass" name="@AfterMethod amConfigration" time="-1.690894060133E9">
    <skipped/>
  </testcase> <!-- @AfterMethod amConfigration -->
  <testcase classname="Convox.GenericLibraries.BaseClass" name="@BeforeMethod bmConfigration" time="-1.690894060134E9">
    <skipped/>
  </testcase> <!-- @BeforeMethod bmConfigration -->
  <testcase classname="Convox.GenericLibraries.BaseClass" name="@AfterMethod amConfigration" time="-1.690894060152E9">
    <skipped/>
  </testcase> <!-- @AfterMethod amConfigration -->
  <testcase classname="Convox.GenericLibraries.BaseClass" name="@BeforeMethod bmConfigration" time="-1.690894060156E9">
    <skipped/>
  </testcase> <!-- @BeforeMethod bmConfigration -->
  <testcase classname="Convox.GenericLibraries.BaseClass" name="@AfterMethod amConfigration" time="-1.69089406016E9">
    <skipped/>
  </testcase> <!-- @AfterMethod amConfigration -->
  <testcase classname="Convox.GenericLibraries.BaseClass" name="@BeforeMethod bmConfigration" time="-1.690894060161E9">
    <skipped/>
  </testcase> <!-- @BeforeMethod bmConfigration -->
  <testcase classname="Convox.GenericLibraries.BaseClass" name="@AfterMethod amConfigration" time="-1.690894060171E9">
    <skipped/>
  </testcase> <!-- @AfterMethod amConfigration -->
  <testcase classname="Convox.GenericLibraries.BaseClass" name="@BeforeMethod bmConfigration" time="-1.690894060172E9">
    <skipped/>
  </testcase> <!-- @BeforeMethod bmConfigration -->
  <testcase classname="Convox.GenericLibraries.BaseClass" name="@AfterMethod amConfigration" time="-1.690894060179E9">
    <skipped/>
  </testcase> <!-- @AfterMethod amConfigration -->
  <testcase classname="Convox.GenericLibraries.BaseClass" name="@BeforeMethod bmConfigration" time="-1.69089406018E9">
    <skipped/>
  </testcase> <!-- @BeforeMethod bmConfigration -->
  <testcase classname="Convox.GenericLibraries.BaseClass" name="@AfterMethod amConfigration" time="-1.690894060263E9">
    <skipped/>
  </testcase> <!-- @AfterMethod amConfigration -->
  <testcase classname="Convox.GenericLibraries.BaseClass" name="@BeforeMethod bmConfigration" time="-1.690894060306E9">
    <skipped/>
  </testcase> <!-- @BeforeMethod bmConfigration -->
  <testcase classname="Convox.GenericLibraries.BaseClass" name="@AfterMethod amConfigration" time="-1.690894060441E9">
    <skipped/>
  </testcase> <!-- @AfterMethod amConfigration -->
  <testcase classname="Convox.GenericLibraries.BaseClass" name="@BeforeMethod bmConfigration" time="-1.690894060442E9">
    <skipped/>
  </testcase> <!-- @BeforeMethod bmConfigration -->
  <testcase classname="Convox.GenericLibraries.BaseClass" name="@AfterMethod amConfigration" time="-1.690894060447E9">
    <skipped/>
  </testcase> <!-- @AfterMethod amConfigration -->
  <testcase classname="Convox.GenericLibraries.BaseClass" name="@BeforeMethod bmConfigration" time="-1.690894060449E9">
    <skipped/>
  </testcase> <!-- @BeforeMethod bmConfigration -->
  <testcase classname="Convox.GenericLibraries.BaseClass" name="@AfterMethod amConfigration" time="-1.69089406047E9">
    <skipped/>
  </testcase> <!-- @AfterMethod amConfigration -->
  <testcase classname="Convox.GenericLibraries.BaseClass" name="@BeforeMethod bmConfigration" time="-1.690894060471E9">
    <skipped/>
  </testcase> <!-- @BeforeMethod bmConfigration -->
  <testcase classname="Convox.GenericLibraries.BaseClass" name="@AfterMethod amConfigration" time="-1.690894060479E9">
    <skipped/>
  </testcase> <!-- @AfterMethod amConfigration -->
  <testcase classname="Convox.GenericLibraries.BaseClass" name="@BeforeMethod bmConfigration" time="-1.69089406048E9">
    <skipped/>
  </testcase> <!-- @BeforeMethod bmConfigration -->
  <testcase classname="Convox.GenericLibraries.BaseClass" name="@AfterMethod amConfigration" time="-1.690894060487E9">
    <skipped/>
  </testcase> <!-- @AfterMethod amConfigration -->
  <testcase classname="Convox.GenericLibraries.BaseClass" name="@BeforeMethod bmConfigration" time="-1.690894060487E9">
    <skipped/>
  </testcase> <!-- @BeforeMethod bmConfigration -->
  <testcase classname="Convox.GenericLibraries.BaseClass" name="@AfterMethod amConfigration" time="-1.690894060492E9">
    <skipped/>
  </testcase> <!-- @AfterMethod amConfigration -->
  <testcase classname="Convox.GenericLibraries.BaseClass" name="@BeforeMethod bmConfigration" time="-1.690894060494E9">
    <skipped/>
  </testcase> <!-- @BeforeMethod bmConfigration -->
  <testcase classname="Convox.GenericLibraries.BaseClass" name="@AfterMethod amConfigration" time="-1.690894060535E9">
    <skipped/>
  </testcase> <!-- @AfterMethod amConfigration -->
  <testcase classname="Convox.GenericLibraries.BaseClass" name="@BeforeMethod bmConfigration" time="-1.690894060536E9">
    <skipped/>
  </testcase> <!-- @BeforeMethod bmConfigration -->
  <testcase classname="Convox.GenericLibraries.BaseClass" name="@AfterMethod amConfigration" time="-1.690894060599E9">
    <skipped/>
  </testcase> <!-- @AfterMethod amConfigration -->
  <testcase classname="Convox.GenericLibraries.BaseClass" name="@BeforeMethod bmConfigration" time="-1.6908940606E9">
    <skipped/>
  </testcase> <!-- @BeforeMethod bmConfigration -->
  <testcase classname="Convox.GenericLibraries.BaseClass" name="@AfterMethod amConfigration" time="-1.690894060605E9">
    <skipped/>
  </testcase> <!-- @AfterMethod amConfigration -->
  <testcase classname="Convox.GenericLibraries.BaseClass" name="@BeforeMethod bmConfigration" time="-1.690894060606E9">
    <skipped/>
  </testcase> <!-- @BeforeMethod bmConfigration -->
  <testcase classname="Convox.GenericLibraries.BaseClass" name="@AfterMethod amConfigration" time="-1.69089406061E9">
    <skipped/>
  </testcase> <!-- @AfterMethod amConfigration -->
  <testcase classname="Convox.GenericLibraries.BaseClass" name="@BeforeMethod bmConfigration" time="-1.690894060611E9">
    <skipped/>
  </testcase> <!-- @BeforeMethod bmConfigration -->
  <testcase classname="Convox.GenericLibraries.BaseClass" name="@AfterMethod amConfigration" time="-1.690894060617E9">
    <skipped/>
  </testcase> <!-- @AfterMethod amConfigration -->
  <testcase classname="Convox.GenericLibraries.BaseClass" name="@BeforeMethod bmConfigration" time="-1.690894060618E9">
    <skipped/>
  </testcase> <!-- @BeforeMethod bmConfigration -->
  <testcase classname="Convox.GenericLibraries.BaseClass" name="@AfterMethod amConfigration" time="-1.690894060626E9">
    <skipped/>
  </testcase> <!-- @AfterMethod amConfigration -->
  <testcase classname="Convox.GenericLibraries.BaseClass" name="@BeforeMethod bmConfigration" time="-1.690894060627E9">
    <skipped/>
  </testcase> <!-- @BeforeMethod bmConfigration -->
  <testcase classname="Convox.GenericLibraries.BaseClass" name="@AfterMethod amConfigration" time="-1.690894060644E9">
    <skipped/>
  </testcase> <!-- @AfterMethod amConfigration -->
  <testcase classname="Convox.GenericLibraries.BaseClass" name="@BeforeMethod bmConfigration" time="-1.690894060646E9">
    <skipped/>
  </testcase> <!-- @BeforeMethod bmConfigration -->
  <testcase classname="Convox.GenericLibraries.BaseClass" name="@AfterMethod amConfigration" time="-1.690894060651E9">
    <skipped/>
  </testcase> <!-- @AfterMethod amConfigration -->
  <testcase classname="Convox.GenericLibraries.BaseClass" name="@BeforeMethod bmConfigration" time="-1.690894060653E9">
    <skipped/>
  </testcase> <!-- @BeforeMethod bmConfigration -->
  <testcase classname="Convox.GenericLibraries.BaseClass" name="@AfterMethod amConfigration" time="-1.690894060663E9">
    <skipped/>
  </testcase> <!-- @AfterMethod amConfigration -->
  <testcase classname="Convox.GenericLibraries.BaseClass" name="@BeforeMethod bmConfigration" time="-1.690894060668E9">
    <skipped/>
  </testcase> <!-- @BeforeMethod bmConfigration -->
  <testcase classname="Convox.GenericLibraries.BaseClass" name="@AfterMethod amConfigration" time="-1.690894060674E9">
    <skipped/>
  </testcase> <!-- @AfterMethod amConfigration -->
  <testcase classname="Convox.GenericLibraries.BaseClass" name="@BeforeMethod bmConfigration" time="-1.690894060675E9">
    <skipped/>
  </testcase> <!-- @BeforeMethod bmConfigration -->
  <testcase classname="Convox.GenericLibraries.BaseClass" name="@AfterMethod amConfigration" time="-1.690894060679E9">
    <skipped/>
  </testcase> <!-- @AfterMethod amConfigration -->
  <testcase classname="Convox.GenericLibraries.BaseClass" name="@BeforeMethod bmConfigration" time="-1.69089406068E9">
    <skipped/>
  </testcase> <!-- @BeforeMethod bmConfigration -->
  <testcase classname="Convox.GenericLibraries.BaseClass" name="@AfterMethod amConfigration" time="-1.690894060689E9">
    <skipped/>
  </testcase> <!-- @AfterMethod amConfigration -->
  <testcase classname="Convox.GenericLibraries.BaseClass" name="@BeforeMethod bmConfigration" time="-1.690894060689E9">
    <skipped/>
  </testcase> <!-- @BeforeMethod bmConfigration -->
  <testcase classname="Convox.GenericLibraries.BaseClass" name="@AfterMethod amConfigration" time="-1.690894060709E9">
    <skipped/>
  </testcase> <!-- @AfterMethod amConfigration -->
  <testcase classname="Convox.GenericLibraries.BaseClass" name="@BeforeMethod bmConfigration" time="-1.690894060711E9">
    <skipped/>
  </testcase> <!-- @BeforeMethod bmConfigration -->
  <testcase classname="Convox.GenericLibraries.BaseClass" name="@AfterMethod amConfigration" time="-1.690894060721E9">
    <skipped/>
  </testcase> <!-- @AfterMethod amConfigration -->
  <testcase classname="Convox.GenericLibraries.BaseClass" name="@BeforeMethod bmConfigration" time="-1.690894060723E9">
    <skipped/>
  </testcase> <!-- @BeforeMethod bmConfigration -->
  <testcase classname="Convox.GenericLibraries.BaseClass" name="@AfterMethod amConfigration" time="-1.690894060744E9">
    <skipped/>
  </testcase> <!-- @AfterMethod amConfigration -->
  <testcase classname="Convox.GenericLibraries.BaseClass" name="@BeforeMethod bmConfigration" time="-1.690894060745E9">
    <skipped/>
  </testcase> <!-- @BeforeMethod bmConfigration -->
  <testcase classname="Convox.GenericLibraries.BaseClass" name="@AfterMethod amConfigration" time="-1.690894060749E9">
    <skipped/>
  </testcase> <!-- @AfterMethod amConfigration -->
  <testcase classname="Convox.GenericLibraries.BaseClass" name="@BeforeMethod bmConfigration" time="-1.69089406075E9">
    <skipped/>
  </testcase> <!-- @BeforeMethod bmConfigration -->
  <testcase classname="Convox.GenericLibraries.BaseClass" name="@AfterMethod amConfigration" time="-1.690894060755E9">
    <skipped/>
  </testcase> <!-- @AfterMethod amConfigration -->
  <testcase classname="Convox.GenericLibraries.BaseClass" name="@BeforeMethod bmConfigration" time="-1.690894060755E9">
    <skipped/>
  </testcase> <!-- @BeforeMethod bmConfigration -->
  <testcase classname="Convox.GenericLibraries.BaseClass" name="@AfterMethod amConfigration" time="-1.690894060759E9">
    <skipped/>
  </testcase> <!-- @AfterMethod amConfigration -->
  <testcase classname="Convox.GenericLibraries.BaseClass" name="@BeforeMethod bmConfigration" time="-1.690894060759E9">
    <skipped/>
  </testcase> <!-- @BeforeMethod bmConfigration -->
  <testcase classname="Convox.GenericLibraries.BaseClass" name="@AfterMethod amConfigration" time="-1.690894060764E9">
    <skipped/>
  </testcase> <!-- @AfterMethod amConfigration -->
  <testcase classname="Convox.GenericLibraries.BaseClass" name="@BeforeMethod bmConfigration" time="-1.690894060766E9">
    <skipped/>
  </testcase> <!-- @BeforeMethod bmConfigration -->
  <testcase classname="Convox.GenericLibraries.BaseClass" name="@AfterMethod amConfigration" time="-1.690894060771E9">
    <skipped/>
  </testcase> <!-- @AfterMethod amConfigration -->
  <testcase classname="Convox.GenericLibraries.BaseClass" name="@BeforeMethod bmConfigration" time="-1.690894060778E9">
    <skipped/>
  </testcase> <!-- @BeforeMethod bmConfigration -->
  <testcase classname="Convox.GenericLibraries.BaseClass" name="@AfterMethod amConfigration" time="-1.690894060794E9">
    <skipped/>
  </testcase> <!-- @AfterMethod amConfigration -->
  <testcase classname="Convox.GenericLibraries.BaseClass" name="@BeforeMethod bmConfigration" time="-1.690894060795E9">
    <skipped/>
  </testcase> <!-- @BeforeMethod bmConfigration -->
  <testcase classname="Convox.GenericLibraries.BaseClass" name="@AfterMethod amConfigration" time="-1.690894060807E9">
    <skipped/>
  </testcase> <!-- @AfterMethod amConfigration -->
  <testcase classname="Convox.GenericLibraries.BaseClass" name="@BeforeMethod bmConfigration" time="-1.690894060808E9">
    <skipped/>
  </testcase> <!-- @BeforeMethod bmConfigration -->
  <testcase classname="Convox.GenericLibraries.BaseClass" name="@AfterMethod amConfigration" time="-1.690894060812E9">
    <skipped/>
  </testcase> <!-- @AfterMethod amConfigration -->
  <testcase classname="Convox.GenericLibraries.BaseClass" name="@BeforeMethod bmConfigration" time="-1.690894060817E9">
    <skipped/>
  </testcase> <!-- @BeforeMethod bmConfigration -->
  <testcase classname="Convox.GenericLibraries.BaseClass" name="@AfterMethod amConfigration" time="-1.690894060836E9">
    <skipped/>
  </testcase> <!-- @AfterMethod amConfigration -->
  <testcase classname="Convox.GenericLibraries.BaseClass" name="@BeforeMethod bmConfigration" time="-1.690894060838E9">
    <skipped/>
  </testcase> <!-- @BeforeMethod bmConfigration -->
  <testcase classname="Convox.GenericLibraries.BaseClass" name="@AfterMethod amConfigration" time="-1.690894060843E9">
    <skipped/>
  </testcase> <!-- @AfterMethod amConfigration -->
  <testcase classname="Convox.GenericLibraries.BaseClass" name="@BeforeMethod bmConfigration" time="-1.690894060844E9">
    <skipped/>
  </testcase> <!-- @BeforeMethod bmConfigration -->
  <testcase classname="Convox.GenericLibraries.BaseClass" name="@AfterMethod amConfigration" time="-1.69089406085E9">
    <skipped/>
  </testcase> <!-- @AfterMethod amConfigration -->
  <testcase classname="Convox.GenericLibraries.BaseClass" name="@BeforeMethod bmConfigration" time="-1.69089406085E9">
    <skipped/>
  </testcase> <!-- @BeforeMethod bmConfigration -->
  <testcase classname="Convox.GenericLibraries.BaseClass" name="@AfterMethod amConfigration" time="-1.690894060876E9">
    <skipped/>
  </testcase> <!-- @AfterMethod amConfigration -->
  <testcase classname="Convox.GenericLibraries.BaseClass" name="@BeforeMethod bmConfigration" time="-1.690894060877E9">
    <skipped/>
  </testcase> <!-- @BeforeMethod bmConfigration -->
  <testcase classname="Convox.GenericLibraries.BaseClass" name="@AfterMethod amConfigration" time="-1.69089406088E9">
    <skipped/>
  </testcase> <!-- @AfterMethod amConfigration -->
  <testcase classname="Convox.GenericLibraries.BaseClass" name="@BeforeMethod bmConfigration" time="-1.690894060881E9">
    <skipped/>
  </testcase> <!-- @BeforeMethod bmConfigration -->
  <testcase classname="Convox.GenericLibraries.BaseClass" name="@AfterMethod amConfigration" time="-1.690894060911E9">
    <skipped/>
  </testcase> <!-- @AfterMethod amConfigration -->
  <testcase classname="Convox.GenericLibraries.BaseClass" name="@BeforeMethod bmConfigration" time="-1.690894060912E9">
    <skipped/>
  </testcase> <!-- @BeforeMethod bmConfigration -->
  <testcase classname="Convox.GenericLibraries.BaseClass" name="@AfterMethod amConfigration" time="-1.690894060917E9">
    <skipped/>
  </testcase> <!-- @AfterMethod amConfigration -->
  <testcase classname="Convox.GenericLibraries.BaseClass" name="@BeforeMethod bmConfigration" time="-1.690894060918E9">
    <skipped/>
  </testcase> <!-- @BeforeMethod bmConfigration -->
  <testcase classname="Convox.GenericLibraries.BaseClass" name="@AfterMethod amConfigration" time="-1.690894060921E9">
    <skipped/>
  </testcase> <!-- @AfterMethod amConfigration -->
  <testcase classname="Convox.GenericLibraries.BaseClass" name="@BeforeMethod bmConfigration" time="-1.690894060922E9">
    <skipped/>
  </testcase> <!-- @BeforeMethod bmConfigration -->
  <testcase classname="Convox.GenericLibraries.BaseClass" name="@AfterMethod amConfigration" time="-1.690894060926E9">
    <skipped/>
  </testcase> <!-- @AfterMethod amConfigration -->
  <testcase classname="Convox.GenericLibraries.BaseClass" name="@BeforeMethod bmConfigration" time="-1.690894060927E9">
    <skipped/>
  </testcase> <!-- @BeforeMethod bmConfigration -->
  <testcase classname="Convox.GenericLibraries.BaseClass" name="@AfterMethod amConfigration" time="-1.690894060931E9">
    <skipped/>
  </testcase> <!-- @AfterMethod amConfigration -->
  <testcase classname="Convox.GenericLibraries.BaseClass" name="@BeforeMethod bmConfigration" time="-1.690894060931E9">
    <skipped/>
  </testcase> <!-- @BeforeMethod bmConfigration -->
  <testcase classname="Convox.GenericLibraries.BaseClass" name="@AfterMethod amConfigration" time="-1.690894060935E9">
    <skipped/>
  </testcase> <!-- @AfterMethod amConfigration -->
  <testcase classname="Convox.GenericLibraries.BaseClass" name="@BeforeMethod bmConfigration" time="-1.690894060936E9">
    <skipped/>
  </testcase> <!-- @BeforeMethod bmConfigration -->
  <testcase classname="Convox.GenericLibraries.BaseClass" name="@AfterMethod amConfigration" time="-1.69089406094E9">
    <skipped/>
  </testcase> <!-- @AfterMethod amConfigration -->
  <testcase classname="Convox.GenericLibraries.BaseClass" name="@BeforeMethod bmConfigration" time="-1.690894060941E9">
    <skipped/>
  </testcase> <!-- @BeforeMethod bmConfigration -->
  <testcase classname="Convox.GenericLibraries.BaseClass" name="@AfterMethod amConfigration" time="-1.690894060945E9">
    <skipped/>
  </testcase> <!-- @AfterMethod amConfigration -->
  <testcase classname="Convox.GenericLibraries.BaseClass" name="@BeforeMethod bmConfigration" time="-1.690894060945E9">
    <skipped/>
  </testcase> <!-- @BeforeMethod bmConfigration -->
  <testcase classname="Convox.GenericLibraries.BaseClass" name="@AfterMethod amConfigration" time="-1.690894060958E9">
    <skipped/>
  </testcase> <!-- @AfterMethod amConfigration -->
  <testcase classname="Convox.GenericLibraries.BaseClass" name="@BeforeMethod bmConfigration" time="-1.690894060958E9">
    <skipped/>
  </testcase> <!-- @BeforeMethod bmConfigration -->
  <testcase classname="Convox.GenericLibraries.BaseClass" name="@AfterMethod amConfigration" time="-1.690894060964E9">
    <skipped/>
  </testcase> <!-- @AfterMethod amConfigration -->
  <testcase classname="Convox.GenericLibraries.BaseClass" name="@BeforeMethod bmConfigration" time="-1.690894060967E9">
    <skipped/>
  </testcase> <!-- @BeforeMethod bmConfigration -->
  <testcase classname="Convox.GenericLibraries.BaseClass" name="@AfterMethod amConfigration" time="-1.690894060972E9">
    <skipped/>
  </testcase> <!-- @AfterMethod amConfigration -->
  <testcase classname="Convox.GenericLibraries.BaseClass" name="@BeforeMethod bmConfigration" time="-1.690894060973E9">
    <skipped/>
  </testcase> <!-- @BeforeMethod bmConfigration -->
  <testcase classname="Convox.GenericLibraries.BaseClass" name="@AfterMethod amConfigration" time="-1.69089406098E9">
    <skipped/>
  </testcase> <!-- @AfterMethod amConfigration -->
  <testcase classname="Convox.GenericLibraries.BaseClass" name="@BeforeMethod bmConfigration" time="-1.690894060984E9">
    <skipped/>
  </testcase> <!-- @BeforeMethod bmConfigration -->
  <testcase classname="Convox.GenericLibraries.BaseClass" name="@AfterMethod amConfigration" time="-1.69089406099E9">
    <skipped/>
  </testcase> <!-- @AfterMethod amConfigration -->
  <testcase classname="Convox.GenericLibraries.BaseClass" name="@BeforeMethod bmConfigration" time="-1.690894060991E9">
    <skipped/>
  </testcase> <!-- @BeforeMethod bmConfigration -->
  <testcase classname="Convox.GenericLibraries.BaseClass" name="@AfterMethod amConfigration" time="-1.690894060997E9">
    <skipped/>
  </testcase> <!-- @AfterMethod amConfigration -->
  <testcase classname="Convox.GenericLibraries.BaseClass" name="@BeforeMethod bmConfigration" time="-1.690894060998E9">
    <skipped/>
  </testcase> <!-- @BeforeMethod bmConfigration -->
  <testcase classname="Convox.GenericLibraries.BaseClass" name="@AfterMethod amConfigration" time="-1.690894061004E9">
    <skipped/>
  </testcase> <!-- @AfterMethod amConfigration -->
  <testcase classname="Convox.GenericLibraries.BaseClass" name="@BeforeMethod bmConfigration" time="-1.690894061004E9">
    <skipped/>
  </testcase> <!-- @BeforeMethod bmConfigration -->
  <testcase classname="Convox.GenericLibraries.BaseClass" name="@AfterMethod amConfigration" time="-1.690894061011E9">
    <skipped/>
  </testcase> <!-- @AfterMethod amConfigration -->
  <testcase classname="Convox.GenericLibraries.BaseClass" name="@BeforeMethod bmConfigration" time="-1.690894061012E9">
    <skipped/>
  </testcase> <!-- @BeforeMethod bmConfigration -->
  <testcase classname="Convox.GenericLibraries.BaseClass" name="@AfterMethod amConfigration" time="-1.690894061017E9">
    <skipped/>
  </testcase> <!-- @AfterMethod amConfigration -->
  <testcase classname="Convox.GenericLibraries.BaseClass" name="@BeforeMethod bmConfigration" time="-1.690894061027E9">
    <skipped/>
  </testcase> <!-- @BeforeMethod bmConfigration -->
  <testcase classname="Convox.GenericLibraries.BaseClass" name="@AfterMethod amConfigration" time="-1.690894061032E9">
    <skipped/>
  </testcase> <!-- @AfterMethod amConfigration -->
  <testcase classname="Convox.GenericLibraries.BaseClass" name="@BeforeMethod bmConfigration" time="-1.690894061033E9">
    <skipped/>
  </testcase> <!-- @BeforeMethod bmConfigration -->
  <testcase classname="Convox.GenericLibraries.BaseClass" name="@AfterMethod amConfigration" time="-1.69089406104E9">
    <skipped/>
  </testcase> <!-- @AfterMethod amConfigration -->
  <testcase classname="Convox.GenericLibraries.BaseClass" name="@BeforeMethod bmConfigration" time="-1.690894061041E9">
    <skipped/>
  </testcase> <!-- @BeforeMethod bmConfigration -->
  <testcase classname="Convox.GenericLibraries.BaseClass" name="@AfterMethod amConfigration" time="-1.690894061062E9">
    <skipped/>
  </testcase> <!-- @AfterMethod amConfigration -->
  <testcase classname="Convox.GenericLibraries.BaseClass" name="@BeforeMethod bmConfigration" time="-1.690894061063E9">
    <skipped/>
  </testcase> <!-- @BeforeMethod bmConfigration -->
  <testcase classname="Convox.GenericLibraries.BaseClass" name="@AfterMethod amConfigration" time="-1.690894061072E9">
    <skipped/>
  </testcase> <!-- @AfterMethod amConfigration -->
  <testcase classname="Convox.GenericLibraries.BaseClass" name="@BeforeMethod bmConfigration" time="-1.690894061076E9">
    <skipped/>
  </testcase> <!-- @BeforeMethod bmConfigration -->
  <testcase classname="Convox.GenericLibraries.BaseClass" name="@AfterMethod amConfigration" time="-1.69089406108E9">
    <skipped/>
  </testcase> <!-- @AfterMethod amConfigration -->
  <testcase classname="Convox.GenericLibraries.BaseClass" name="@BeforeMethod bmConfigration" time="-1.690894061082E9">
    <skipped/>
  </testcase> <!-- @BeforeMethod bmConfigration -->
  <testcase classname="Convox.GenericLibraries.BaseClass" name="@AfterMethod amConfigration" time="-1.690894061086E9">
    <skipped/>
  </testcase> <!-- @AfterMethod amConfigration -->
  <testcase classname="Convox.GenericLibraries.BaseClass" name="@BeforeMethod bmConfigration" time="-1.690894061087E9">
    <skipped/>
  </testcase> <!-- @BeforeMethod bmConfigration -->
  <testcase classname="Convox.GenericLibraries.BaseClass" name="@AfterMethod amConfigration" time="-1.690894061091E9">
    <skipped/>
  </testcase> <!-- @AfterMethod amConfigration -->
  <testcase classname="Convox.GenericLibraries.BaseClass" name="@BeforeMethod bmConfigration" time="-1.690894061092E9">
    <skipped/>
  </testcase> <!-- @BeforeMethod bmConfigration -->
  <testcase classname="Convox.GenericLibraries.BaseClass" name="@AfterMethod amConfigration" time="-1.6908940611E9">
    <skipped/>
  </testcase> <!-- @AfterMethod amConfigration -->
  <testcase classname="Convox.GenericLibraries.BaseClass" name="@BeforeMethod bmConfigration" time="-1.690894061101E9">
    <skipped/>
  </testcase> <!-- @BeforeMethod bmConfigration -->
  <testcase classname="Convox.GenericLibraries.BaseClass" name="@AfterMethod amConfigration" time="-1.690894061109E9">
    <skipped/>
  </testcase> <!-- @AfterMethod amConfigration -->
  <testcase classname="Convox.GenericLibraries.BaseClass" name="@BeforeMethod bmConfigration" time="-1.690894061144E9">
    <skipped/>
  </testcase> <!-- @BeforeMethod bmConfigration -->
  <testcase classname="Convox.GenericLibraries.BaseClass" name="@AfterMethod amConfigration" time="-1.69089406115E9">
    <skipped/>
  </testcase> <!-- @AfterMethod amConfigration -->
  <testcase classname="Convox.GenericLibraries.BaseClass" name="@BeforeMethod bmConfigration" time="-1.690894061151E9">
    <skipped/>
  </testcase> <!-- @BeforeMethod bmConfigration -->
  <testcase classname="Convox.GenericLibraries.BaseClass" name="@AfterMethod amConfigration" time="-1.690894061168E9">
    <skipped/>
  </testcase> <!-- @AfterMethod amConfigration -->
  <testcase classname="Convox.GenericLibraries.BaseClass" name="@BeforeMethod bmConfigration" time="-1.690894061173E9">
    <skipped/>
  </testcase> <!-- @BeforeMethod bmConfigration -->
  <testcase classname="Convox.GenericLibraries.BaseClass" name="@AfterMethod amConfigration" time="-1.690894061179E9">
    <skipped/>
  </testcase> <!-- @AfterMethod amConfigration -->
  <testcase classname="Convox.GenericLibraries.BaseClass" name="@BeforeMethod bmConfigration" time="-1.690894061182E9">
    <skipped/>
  </testcase> <!-- @BeforeMethod bmConfigration -->
  <testcase classname="Convox.GenericLibraries.BaseClass" name="@AfterMethod amConfigration" time="-1.690894061187E9">
    <skipped/>
  </testcase> <!-- @AfterMethod amConfigration -->
  <testcase classname="Convox.GenericLibraries.BaseClass" name="@BeforeMethod bmConfigration" time="-1.690894061188E9">
    <skipped/>
  </testcase> <!-- @BeforeMethod bmConfigration -->
  <testcase classname="Convox.GenericLibraries.BaseClass" name="@AfterMethod amConfigration" time="-1.690894061204E9">
    <skipped/>
  </testcase> <!-- @AfterMethod amConfigration -->
  <testcase classname="Convox.GenericLibraries.BaseClass" name="@BeforeMethod bmConfigration" time="-1.690894061205E9">
    <skipped/>
  </testcase> <!-- @BeforeMethod bmConfigration -->
  <testcase classname="Convox.GenericLibraries.BaseClass" name="@AfterMethod amConfigration" time="-1.690894061208E9">
    <skipped/>
  </testcase> <!-- @AfterMethod amConfigration -->
  <testcase classname="Convox.GenericLibraries.BaseClass" name="@BeforeMethod bmConfigration" time="-1.690894061209E9">
    <skipped/>
  </testcase> <!-- @BeforeMethod bmConfigration -->
  <testcase classname="Convox.GenericLibraries.BaseClass" name="@AfterMethod amConfigration" time="-1.690894061213E9">
    <skipped/>
  </testcase> <!-- @AfterMethod amConfigration -->
  <testcase classname="Convox.GenericLibraries.BaseClass" name="@BeforeMethod bmConfigration" time="-1.690894061214E9">
    <skipped/>
  </testcase> <!-- @BeforeMethod bmConfigration -->
  <testcase classname="Convox.GenericLibraries.BaseClass" name="@AfterMethod amConfigration" time="-1.690894061219E9">
    <skipped/>
  </testcase> <!-- @AfterMethod amConfigration -->
  <testcase classname="Convox.GenericLibraries.BaseClass" name="@BeforeMethod bmConfigration" time="-1.69089406122E9">
    <skipped/>
  </testcase> <!-- @BeforeMethod bmConfigration -->
  <testcase classname="Convox.GenericLibraries.BaseClass" name="@AfterMethod amConfigration" time="-1.690894061225E9">
    <skipped/>
  </testcase> <!-- @AfterMethod amConfigration -->
  <testcase classname="Convox.GenericLibraries.BaseClass" name="@BeforeMethod bmConfigration" time="-1.690894061225E9">
    <skipped/>
  </testcase> <!-- @BeforeMethod bmConfigration -->
  <testcase classname="Convox.GenericLibraries.BaseClass" name="@AfterMethod amConfigration" time="-1.690894061229E9">
    <skipped/>
  </testcase> <!-- @AfterMethod amConfigration -->
  <testcase classname="Convox.GenericLibraries.BaseClass" name="@AfterClass acConfigration" time="-1.690894061231E9">
    <skipped/>
  </testcase> <!-- @AfterClass acConfigration -->
  <testcase classname="Agent_Module.AgentMultipleLoginTest" name="MultipleLogin" time="19.007"/>
  <testcase classname="Agent_Module.AgentMultipleLoginTest" name="MultipleLogin" time="0.0">
    <skipped/>
  </testcase> <!-- MultipleLogin -->
  <testcase classname="Agent_Module.AgentMultipleLoginTest" name="MultipleLogin" time="0.0">
    <skipped/>
  </testcase> <!-- MultipleLogin -->
  <testcase classname="Agent_Module.AgentMultipleLoginTest" name="MultipleLogin" time="0.0">
    <skipped/>
  </testcase> <!-- MultipleLogin -->
  <testcase classname="Agent_Module.AgentMultipleLoginTest" name="MultipleLogin" time="0.0">
    <skipped/>
  </testcase> <!-- MultipleLogin -->
[...]
    <skipped/>
  </testcase> <!-- MultipleLogin -->
  <testcase classname="Agent_Module.AgentMultipleLoginTest" name="MultipleLogin" time="0.0">
    <skipped/>
  </testcase> <!-- MultipleLogin -->
  <testcase classname="Agent_Module.AgentMultipleLoginTest" name="MultipleLogin" time="0.0">
    <skipped/>
  </testcase> <!-- MultipleLogin -->
  <testcase classname="Agent_Module.AgentMultipleLoginTest" name="MultipleLogin" time="0.0">
    <skipped/>
  </testcase> <!-- MultipleLogin -->
  <testcase classname="Agent_Module.AgentMultipleLoginTest" name="MultipleLogin" time="0.0">
    <skipped/>
  </testcase> <!-- MultipleLogin -->
  <testcase classname="Agent_Module.AgentMultipleLoginTest" name="MultipleLogin" time="0.0">
    <skipped/>
  </testcase> <!-- MultipleLogin -->
  <testcase classname="Agent_Module.AgentMultipleLoginTest" name="MultipleLogin" time="0.0">
    <skipped/>
  </testcase> <!-- MultipleLogin -->
  <testcase classname="Agent_Module.AgentMultipleLoginTest" name="MultipleLogin" time="0.0">
    <skipped/>
  </testcase> <!-- MultipleLogin -->
  <testcase classname="Agent_Module.AgentMultipleLoginTest" name="MultipleLogin" time="0.0">
    <skipped/>
  </testcase> <!-- MultipleLogin -->
  <testcase classname="Agent_Module.AgentMultipleLoginTest" name="MultipleLogin" time="0.0">
    <skipped/>
  </testcase> <!-- MultipleLogin -->
  <testcase classname="Agent_Module.AgentMultipleLoginTest" name="MultipleLogin" time="0.0">
    <skipped/>
  </testcase> <!-- MultipleLogin -->
  <testcase classname="Agent_Module.AgentMultipleLoginTest" name="MultipleLogin" time="0.0">
    <skipped/>
  </testcase> <!-- MultipleLogin -->
  <testcase classname="Agent_Module.AgentMultipleLoginTest" name="MultipleLogin" time="0.0">
    <skipped/>
  </testcase> <!-- MultipleLogin -->
  <testcase classname="Agent_Module.AgentMultipleLoginTest" name="MultipleLogin" time="0.0">
    <skipped/>
  </testcase> <!-- MultipleLogin -->
  <testcase classname="Agent_Module.AgentMultipleLoginTest" name="MultipleLogin" time="0.0">
    <skipped/>
  </testcase> <!-- MultipleLogin -->
  <testcase classname="Agent_Module.AgentMultipleLoginTest" name="MultipleLogin" time="0.0">
    <skipped/>
  </testcase> <!-- MultipleLogin -->
  <testcase classname="Agent_Module.AgentMultipleLoginTest" name="MultipleLogin" time="0.0">
    <skipped/>
  </testcase> <!-- MultipleLogin -->
  <testcase classname="Agent_Module.AgentMultipleLoginTest" name="MultipleLogin" time="0.0">
    <skipped/>
  </testcase> <!-- MultipleLogin -->
  <testcase classname="Agent_Module.AgentMultipleLoginTest" name="MultipleLogin" time="0.0">
    <skipped/>
  </testcase> <!-- MultipleLogin -->
  <testcase classname="Agent_Module.AgentMultipleLoginTest" name="MultipleLogin" time="0.0">
    <skipped/>
  </testcase> <!-- MultipleLogin -->
  <testcase classname="Agent_Module.AgentMultipleLoginTest" name="MultipleLogin" time="0.0">
    <skipped/>
  </testcase> <!-- MultipleLogin -->
  <testcase classname="Agent_Module.AgentMultipleLoginTest" name="MultipleLogin" time="0.0">
    <skipped/>
  </testcase> <!-- MultipleLogin -->
  <testcase classname="Agent_Module.AgentMultipleLoginTest" name="MultipleLogin" time="0.0">
    <skipped/>
  </testcase> <!-- MultipleLogin -->
  <testcase classname="Agent_Module.AgentMultipleLoginTest" name="MultipleLogin" time="0.0">
    <skipped/>
  </testcase> <!-- MultipleLogin -->
  <testcase classname="Agent_Module.AgentMultipleLoginTest" name="MultipleLogin" time="0.0">
    <skipped/>
  </testcase> <!-- MultipleLogin -->
  <testcase classname="Agent_Module.AgentMultipleLoginTest" name="MultipleLogin" time="0.0">
    <skipped/>
  </testcase> <!-- MultipleLogin -->
  <testcase classname="Agent_Module.AgentMultipleLoginTest" name="MultipleLogin" time="0.0">
    <skipped/>
  </testcase> <!-- MultipleLogin -->
  <testcase classname="Agent_Module.AgentMultipleLoginTest" name="MultipleLogin" time="0.0">
    <skipped/>
  </testcase> <!-- MultipleLogin -->
  <testcase classname="Agent_Module.AgentMultipleLoginTest" name="MultipleLogin" time="0.0">
    <skipped/>
  </testcase> <!-- MultipleLogin -->
  <testcase classname="Agent_Module.AgentMultipleLoginTest" name="MultipleLogin" time="0.0">
    <skipped/>
  </testcase> <!-- MultipleLogin -->
  <testcase classname="Agent_Module.AgentMultipleLoginTest" name="MultipleLogin" time="0.0">
    <skipped/>
  </testcase> <!-- MultipleLogin -->
  <testcase classname="Agent_Module.AgentMultipleLoginTest" name="MultipleLogin" time="0.0">
    <skipped/>
  </testcase> <!-- MultipleLogin -->
  <testcase classname="Agent_Module.AgentMultipleLoginTest" name="MultipleLogin" time="0.0">
    <skipped/>
  </testcase> <!-- MultipleLogin -->
  <testcase classname="Agent_Module.AgentMultipleLoginTest" name="MultipleLogin" time="0.0">
    <skipped/>
  </testcase> <!-- MultipleLogin -->
  <testcase classname="Agent_Module.AgentMultipleLoginTest" name="MultipleLogin" time="0.0">
    <skipped/>
  </testcase> <!-- MultipleLogin -->
  <testcase classname="Agent_Module.AgentMultipleLoginTest" name="MultipleLogin" time="0.0">
    <skipped/>
  </testcase> <!-- MultipleLogin -->
  <testcase classname="Agent_Module.AgentMultipleLoginTest" name="MultipleLogin" time="0.0">
    <skipped/>
  </testcase> <!-- MultipleLogin -->
  <testcase classname="Agent_Module.AgentMultipleLoginTest" name="MultipleLogin" time="0.0">
    <skipped/>
  </testcase> <!-- MultipleLogin -->
  <testcase classname="Agent_Module.AgentMultipleLoginTest" name="MultipleLogin" time="0.0">
    <skipped/>
  </testcase> <!-- MultipleLogin -->
  <testcase classname="Agent_Module.AgentMultipleLoginTest" name="MultipleLogin" time="0.0">
    <skipped/>
  </testcase> <!-- MultipleLogin -->
  <testcase classname="Agent_Module.AgentMultipleLoginTest" name="MultipleLogin" time="0.0">
    <skipped/>
  </testcase> <!-- MultipleLogin -->
  <testcase classname="Agent_Module.AgentMultipleLoginTest" name="MultipleLogin" time="0.0">
    <skipped/>
  </testcase> <!-- MultipleLogin -->
  <testcase classname="Agent_Module.AgentMultipleLoginTest" name="MultipleLogin" time="0.0">
    <skipped/>
  </testcase> <!-- MultipleLogin -->
  <testcase classname="Agent_Module.AgentMultipleLoginTest" name="MultipleLogin" time="0.0">
    <skipped/>
  </testcase> <!-- MultipleLogin -->
  <testcase classname="Agent_Module.AgentMultipleLoginTest" name="MultipleLogin" time="0.0">
    <skipped/>
  </testcase> <!-- MultipleLogin -->
  <testcase classname="Agent_Module.AgentMultipleLoginTest" name="MultipleLogin" time="0.0">
    <skipped/>
  </testcase> <!-- MultipleLogin -->
  <testcase classname="Agent_Module.AgentMultipleLoginTest" name="MultipleLogin" time="0.0">
    <skipped/>
  </testcase> <!-- MultipleLogin -->
  <testcase classname="Agent_Module.AgentMultipleLoginTest" name="MultipleLogin" time="0.0">
    <skipped/>
  </testcase> <!-- MultipleLogin -->
  <testcase classname="Agent_Module.AgentMultipleLoginTest" name="MultipleLogin" time="0.0">
    <skipped/>
  </testcase> <!-- MultipleLogin -->
  <testcase classname="Agent_Module.AgentMultipleLoginTest" name="MultipleLogin" time="0.0">
    <skipped/>
  </testcase> <!-- MultipleLogin -->
  <testcase classname="Agent_Module.AgentMultipleLoginTest" name="MultipleLogin" time="0.0">
    <skipped/>
  </testcase> <!-- MultipleLogin -->
  <testcase classname="Agent_Module.AgentMultipleLoginTest" name="MultipleLogin" time="0.0">
    <skipped/>
  </testcase> <!-- MultipleLogin -->
  <testcase classname="Agent_Module.AgentMultipleLoginTest" name="MultipleLogin" time="0.0">
    <skipped/>
  </testcase> <!-- MultipleLogin -->
  <testcase classname="Agent_Module.AgentMultipleLoginTest" name="MultipleLogin" time="0.0">
    <skipped/>
  </testcase> <!-- MultipleLogin -->
  <testcase classname="Agent_Module.AgentMultipleLoginTest" name="MultipleLogin" time="0.0">
    <skipped/>
  </testcase> <!-- MultipleLogin -->
  <testcase classname="Agent_Module.AgentMultipleLoginTest" name="MultipleLogin" time="0.0">
    <skipped/>
  </testcase> <!-- MultipleLogin -->
  <testcase classname="Agent_Module.AgentMultipleLoginTest" name="MultipleLogin" time="0.0">
    <skipped/>
  </testcase> <!-- MultipleLogin -->
  <testcase classname="Agent_Module.AgentMultipleLoginTest" name="MultipleLogin" time="0.0">
    <skipped/>
  </testcase> <!-- MultipleLogin -->
  <testcase classname="Agent_Module.AgentMultipleLoginTest" name="MultipleLogin" time="0.0">
    <skipped/>
  </testcase> <!-- MultipleLogin -->
  <testcase classname="Agent_Module.AgentMultipleLoginTest" name="MultipleLogin" time="0.0">
    <skipped/>
  </testcase> <!-- MultipleLogin -->
  <testcase classname="Agent_Module.AgentMultipleLoginTest" name="MultipleLogin" time="0.0">
    <skipped/>
  </testcase> <!-- MultipleLogin -->
  <testcase classname="Agent_Module.AgentMultipleLoginTest" name="MultipleLogin" time="0.0">
    <skipped/>
  </testcase> <!-- MultipleLogin -->
  <testcase classname="Agent_Module.AgentMultipleLoginTest" name="MultipleLogin" time="0.0">
    <skipped/>
  </testcase> <!-- MultipleLogin -->
  <testcase classname="Agent_Module.AgentMultipleLoginTest" name="MultipleLogin" time="0.0">
    <skipped/>
  </testcase> <!-- MultipleLogin -->
  <testcase classname="Agent_Module.AgentMultipleLoginTest" name="MultipleLogin" time="0.0">
    <skipped/>
  </testcase> <!-- MultipleLogin -->
  <testcase classname="Agent_Module.AgentMultipleLoginTest" name="MultipleLogin" time="0.0">
    <skipped/>
  </testcase> <!-- MultipleLogin -->
  <testcase classname="Agent_Module.AgentMultipleLoginTest" name="MultipleLogin" time="0.0">
    <skipped/>
  </testcase> <!-- MultipleLogin -->
  <testcase classname="Agent_Module.AgentMultipleLoginTest" name="MultipleLogin" time="0.0">
    <skipped/>
  </testcase> <!-- MultipleLogin -->
  <testcase classname="Agent_Module.AgentMultipleLoginTest" name="MultipleLogin" time="0.0">
    <skipped/>
  </testcase> <!-- MultipleLogin -->
  <testcase classname="Agent_Module.AgentMultipleLoginTest" name="MultipleLogin" time="0.0">
    <skipped/>
  </testcase> <!-- MultipleLogin -->
  <testcase classname="Agent_Module.AgentMultipleLoginTest" name="MultipleLogin" time="0.0">
    <skipped/>
  </testcase> <!-- MultipleLogin -->
  <testcase classname="Agent_Module.AgentMultipleLoginTest" name="MultipleLogin" time="0.0">
    <skipped/>
  </testcase> <!-- MultipleLogin -->
  <testcase classname="Agent_Module.AgentMultipleLoginTest" name="MultipleLogin" time="0.0">
    <skipped/>
  </testcase> <!-- MultipleLogin -->
  <testcase classname="Agent_Module.AgentMultipleLoginTest" name="MultipleLogin" time="0.0">
    <skipped/>
  </testcase> <!-- MultipleLogin -->
  <testcase classname="Agent_Module.AgentMultipleLoginTest" name="MultipleLogin" time="0.0">
    <skipped/>
  </testcase> <!-- MultipleLogin -->
  <testcase classname="Agent_Module.AgentMultipleLoginTest" name="MultipleLogin" time="0.0">
    <skipped/>
  </testcase> <!-- MultipleLogin -->
  <testcase classname="Agent_Module.AgentMultipleLoginTest" name="MultipleLogin" time="0.0">
    <skipped/>
  </testcase> <!-- MultipleLogin -->
  <testcase classname="Agent_Module.AgentMultipleLoginTest" name="MultipleLogin" time="0.0">
    <skipped/>
  </testcase> <!-- MultipleLogin -->
  <testcase classname="Agent_Module.AgentMultipleLoginTest" name="MultipleLogin" time="0.0">
    <skipped/>
  </testcase> <!-- MultipleLogin -->
  <testcase classname="Agent_Module.AgentMultipleLoginTest" name="MultipleLogin" time="0.0">
    <skipped/>
  </testcase> <!-- MultipleLogin -->
  <testcase classname="Agent_Module.AgentMultipleLoginTest" name="MultipleLogin" time="0.0">
    <skipped/>
  </testcase> <!-- MultipleLogin -->
  <testcase classname="Agent_Module.AgentMultipleLoginTest" name="MultipleLogin" time="0.0">
    <skipped/>
  </testcase> <!-- MultipleLogin -->
  <testcase classname="Agent_Module.AgentMultipleLoginTest" name="MultipleLogin" time="0.0">
    <skipped/>
  </testcase> <!-- MultipleLogin -->
  <testcase classname="Agent_Module.AgentMultipleLoginTest" name="MultipleLogin" time="0.0">
    <skipped/>
  </testcase> <!-- MultipleLogin -->
  <testcase classname="Agent_Module.AgentMultipleLoginTest" name="MultipleLogin" time="0.0">
    <skipped/>
  </testcase> <!-- MultipleLogin -->
  <testcase classname="Agent_Module.AgentMultipleLoginTest" name="MultipleLogin" time="0.0">
    <skipped/>
  </testcase> <!-- MultipleLogin -->
  <testcase classname="Agent_Module.AgentMultipleLoginTest" name="MultipleLogin" time="0.0">
    <skipped/>
  </testcase> <!-- MultipleLogin -->
  <testcase classname="Agent_Module.AgentMultipleLoginTest" name="MultipleLogin" time="0.0">
    <skipped/>
  </testcase> <!-- MultipleLogin -->
  <testcase classname="Agent_Module.AgentMultipleLoginTest" name="MultipleLogin" time="0.0">
    <skipped/>
  </testcase> <!-- MultipleLogin -->
  <testcase classname="Agent_Module.AgentMultipleLoginTest" name="MultipleLogin" time="0.0">
    <skipped/>
  </testcase> <!-- MultipleLogin -->
  <testcase classname="Agent_Module.AgentMultipleLoginTest" name="MultipleLogin" time="0.0">
    <skipped/>
  </testcase> <!-- MultipleLogin -->
  <testcase classname="Agent_Module.AgentMultipleLoginTest" name="MultipleLogin" time="0.0">
    <skipped/>
  </testcase> <!-- MultipleLogin -->
  <testcase classname="Agent_Module.AgentMultipleLoginTest" name="MultipleLogin" time="0.0">
    <skipped/>
  </testcase> <!-- MultipleLogin -->
  <testcase classname="Agent_Module.AgentMultipleLoginTest" name="MultipleLogin" time="0.0">
    <skipped/>
  </testcase> <!-- MultipleLogin -->
  <testcase classname="Agent_Module.AgentMultipleLoginTest" name="MultipleLogin" time="0.0">
    <skipped/>
  </testcase> <!-- MultipleLogin -->
  <testcase classname="Agent_Module.AgentMultipleLoginTest" name="MultipleLogin" time="0.0">
    <skipped/>
  </testcase> <!-- MultipleLogin -->
  <testcase classname="Agent_Module.AgentMultipleLoginTest" name="MultipleLogin" time="0.0">
    <skipped/>
  </testcase> <!-- MultipleLogin -->
  <testcase classname="Agent_Module.AgentMultipleLoginTest" name="MultipleLogin" time="0.0">
    <skipped/>
  </testcase> <!-- MultipleLogin -->
  <testcase classname="Agent_Module.AgentMultipleLoginTest" name="MultipleLogin" time="0.0">
    <skipped/>
  </testcase> <!-- MultipleLogin -->
  <testcase classname="Agent_Module.AgentMultipleLoginTest" name="MultipleLogin" time="0.0">
    <skipped/>
  </testcase> <!-- MultipleLogin -->
  <testcase classname="Agent_Module.AgentMultipleLoginTest" name="MultipleLogin" time="0.0">
    <skipped/>
  </testcase> <!-- MultipleLogin -->
  <testcase classname="Agent_Module.AgentMultipleLoginTest" name="MultipleLogin" time="0.0">
    <skipped/>
  </testcase> <!-- MultipleLogin -->
  <testcase classname="Agent_Module.AgentMultipleLoginTest" name="MultipleLogin" time="0.0">
    <skipped/>
  </testcase> <!-- MultipleLogin -->
  <testcase classname="Agent_Module.AgentMultipleLoginTest" name="MultipleLogin" time="0.0">
    <skipped/>
  </testcase> <!-- MultipleLogin -->
  <testcase classname="Agent_Module.AgentMultipleLoginTest" name="MultipleLogin" time="0.0">
    <skipped/>
  </testcase> <!-- MultipleLogin -->
  <testcase classname="Agent_Module.AgentMultipleLoginTest" name="MultipleLogin" time="0.0">
    <skipped/>
  </testcase> <!-- MultipleLogin -->
  <testcase classname="Agent_Module.AgentMultipleLoginTest" name="MultipleLogin" time="0.0">
    <skipped/>
  </testcase> <!-- MultipleLogin -->
  <testcase classname="Agent_Module.AgentMultipleLoginTest" name="MultipleLogin" time="0.0">
    <skipped/>
  </testcase> <!-- MultipleLogin -->
  <testcase classname="Agent_Module.AgentMultipleLoginTest" name="MultipleLogin" time="0.0">
    <skipped/>
  </testcase> <!-- MultipleLogin -->
  <testcase classname="Agent_Module.AgentMultipleLoginTest" name="MultipleLogin" time="0.0">
    <skipped/>
  </testcase> <!-- MultipleLogin -->
  <testcase classname="Agent_Module.AgentMultipleLoginTest" name="MultipleLogin" time="0.0">
    <skipped/>
  </testcase> <!-- MultipleLogin -->
  <testcase classname="Agent_Module.AgentMultipleLoginTest" name="MultipleLogin" time="0.0">
    <skipped/>
  </testcase> <!-- MultipleLogin -->
  <testcase classname="Agent_Module.AgentMultipleLoginTest" name="MultipleLogin" time="0.0">
    <skipped/>
  </testcase> <!-- MultipleLogin -->
  <testcase classname="Agent_Module.AgentMultipleLoginTest" name="MultipleLogin" time="0.0">
    <skipped/>
  </testcase> <!-- MultipleLogin -->
  <testcase classname="Agent_Module.AgentMultipleLoginTest" name="MultipleLogin" time="0.0">
    <skipped/>
  </testcase> <!-- MultipleLogin -->
  <testcase classname="Agent_Module.AgentMultipleLoginTest" name="MultipleLogin" time="0.0">
    <skipped/>
  </testcase> <!-- MultipleLogin -->
  <testcase classname="Agent_Module.AgentMultipleLoginTest" name="MultipleLogin" time="0.0">
    <skipped/>
  </testcase> <!-- MultipleLogin -->
  <testcase classname="Agent_Module.AgentMultipleLoginTest" name="MultipleLogin" time="0.0">
    <skipped/>
  </testcase> <!-- MultipleLogin -->
  <testcase classname="Agent_Module.AgentMultipleLoginTest" name="MultipleLogin" time="0.0">
    <skipped/>
  </testcase> <!-- MultipleLogin -->
  <testcase classname="Agent_Module.AgentMultipleLoginTest" name="MultipleLogin" time="0.0">
    <skipped/>
  </testcase> <!-- MultipleLogin -->
  <testcase classname="Agent_Module.AgentMultipleLoginTest" name="MultipleLogin" time="0.0">
    <skipped/>
  </testcase> <!-- MultipleLogin -->
  <testcase classname="Agent_Module.AgentMultipleLoginTest" name="MultipleLogin" time="0.0">
    <skipped/>
  </testcase> <!-- MultipleLogin -->
  <testcase classname="Agent_Module.AgentMultipleLoginTest" name="MultipleLogin" time="0.0">
    <skipped/>
  </testcase> <!-- MultipleLogin -->
  <testcase classname="Agent_Module.AgentMultipleLoginTest" name="MultipleLogin" time="0.0">
    <skipped/>
  </testcase> <!-- MultipleLogin -->
  <testcase classname="Agent_Module.AgentMultipleLoginTest" name="MultipleLogin" time="0.0">
    <skipped/>
  </testcase> <!-- MultipleLogin -->
  <testcase classname="Agent_Module.AgentMultipleLoginTest" name="MultipleLogin" time="0.0">
    <skipped/>
  </testcase> <!-- MultipleLogin -->
  <testcase classname="Agent_Module.AgentMultipleLoginTest" name="MultipleLogin" time="0.0">
    <skipped/>
  </testcase> <!-- MultipleLogin -->
  <testcase classname="Agent_Module.AgentMultipleLoginTest" name="MultipleLogin" time="0.0">
    <skipped/>
  </testcase> <!-- MultipleLogin -->
  <testcase classname="Agent_Module.AgentMultipleLoginTest" name="MultipleLogin" time="0.0">
    <skipped/>
  </testcase> <!-- MultipleLogin -->
  <testcase classname="Agent_Module.AgentMultipleLoginTest" name="MultipleLogin" time="0.0">
    <skipped/>
  </testcase> <!-- MultipleLogin -->
  <testcase classname="Agent_Module.AgentMultipleLoginTest" name="MultipleLogin" time="0.0">
    <skipped/>
  </testcase> <!-- MultipleLogin -->
  <testcase classname="Agent_Module.AgentMultipleLoginTest" name="MultipleLogin" time="0.0">
    <skipped/>
  </testcase> <!-- MultipleLogin -->
  <testcase classname="Agent_Module.AgentMultipleLoginTest" name="MultipleLogin" time="0.0">
    <skipped/>
  </testcase> <!-- MultipleLogin -->
  <testcase classname="Agent_Module.AgentMultipleLoginTest" name="MultipleLogin" time="0.0">
    <skipped/>
  </testcase> <!-- MultipleLogin -->
  <testcase classname="Agent_Module.AgentMultipleLoginTest" name="MultipleLogin" time="0.0">
    <skipped/>
  </testcase> <!-- MultipleLogin -->
  <testcase classname="Agent_Module.AgentMultipleLoginTest" name="MultipleLogin" time="0.0">
    <skipped/>
  </testcase> <!-- MultipleLogin -->
  <testcase classname="Agent_Module.AgentMultipleLoginTest" name="MultipleLogin" time="0.0">
    <skipped/>
  </testcase> <!-- MultipleLogin -->
  <testcase classname="Agent_Module.AgentMultipleLoginTest" name="MultipleLogin" time="0.0">
    <skipped/>
  </testcase> <!-- MultipleLogin -->
</testsuite> <!-- Test-Parllel -->
