<?xml version="1.0" encoding="UTF-8"?>
<!-- Generated by org.testng.reporters.JUnitXMLReporter -->
<testsuite ignored="0" hostname="DESKTOP-02956BS" failures="0" tests="3" name="Test1" time="39.046" errors="0" timestamp="2023-05-19T20:13:57 IST">
  <testcase classname="Agent_Module.PracticeParllelTest" name="Test1" time="0.042"/>
  <testcase classname="Agent_Module.PracticeParllelTest" name="Test3" time="0.045"/>
  <testcase classname="Agent_Module.PracticeParllelTest" name="Test2" time="0.048"/>
</testsuite> <!-- Test1 -->
