<?xml version="1.0" encoding="UTF-8"?>
<testng-results ignored="0" total="1" passed="0" failed="1" skipped="0">
  <reporter-output>
    <line>
      <![CDATA[- - - DataBase Connected Succesfully - - -]]>
    </line>
    <line>
      <![CDATA[Execution of Suite File was Started]]>
    </line>
    <line>
      <![CDATA[ - - - firefox Has Launched Succesfully - - - ]]>
    </line>
    <line>
      <![CDATA[--- Logged Into Admin Module Succesfully ---]]>
    </line>
    <line>
      <![CDATA[SystemSettings Dropdown clicked Succesfully]]>
    </line>
    <line>
      <![CDATA[Clicked on List Button]]>
    </line>
    <line>
      <![CDATA[Switched to Active List Frame]]>
    </line>
    <line>
      <![CDATA[Clicked on Add List Lookup Button]]>
    </line>
    <line>
      <![CDATA[Kiran Name Added Succesfully to the List Name Textbox]]>
    </line>
    <line>
      <![CDATA[List Created Successfully]]>
    </line>
    <line>
      <![CDATA[ - - - firefox Has Closed Succesfully - - - ]]>
    </line>
    <line>
      <![CDATA[ - - - firefox Has Closed Succesfully - - - ]]>
    </line>
    <line>
      <![CDATA[Execution of Suite File was Finished]]>
    </line>
    <line>
      <![CDATA[- - - DataBase Closed Succesfully - - - ]]>
    </line>
  </reporter-output>
  <suite started-at="2023-09-04T13:28:55 IST" name="Default suite" finished-at="2023-09-04T13:29:05 IST" duration-ms="10843">
    <groups>
    </groups>
    <test started-at="2023-09-04T13:28:55 IST" name="Default test" finished-at="2023-09-04T13:29:05 IST" duration-ms="10843">
      <class name="AdminModule.AdminOperationTest">
        <test-method is-config="true" signature="bsConfigration()[pri:0, instance:AdminModule.AdminOperationTest@48075da3]" started-at="2023-09-04T13:28:55 IST" name="bsConfigration" finished-at="2023-09-04T13:28:55 IST" duration-ms="5" status="PASS">
          <reporter-output>
            <line>
              <![CDATA[- - - DataBase Connected Succesfully - - -]]>
            </line>
          </reporter-output>
        </test-method> <!-- bsConfigration -->
        <test-method is-config="true" signature="bcConfigration()[pri:0, instance:AdminModule.AdminOperationTest@48075da3]" started-at="2023-09-04T13:28:55 IST" name="bcConfigration" finished-at="2023-09-04T13:28:57 IST" duration-ms="1985" status="PASS">
          <reporter-output>
            <line>
              <![CDATA[ - - - firefox Has Launched Succesfully - - - ]]>
            </line>
          </reporter-output>
        </test-method> <!-- bcConfigration -->
        <test-method signature="adminOperationsTest()[pri:0, instance:AdminModule.AdminOperationTest@48075da3]" started-at="2023-09-04T13:28:57 IST" name="adminOperationsTest" finished-at="2023-09-04T13:29:05 IST" duration-ms="8111" status="FAIL">
          <exception class="org.openqa.selenium.NoSuchElementException">
            <message>
              <![CDATA[Unable to locate element: //img[@src="../images/ADMIN_logo.png"]
For documentation on this error, please visit: https://selenium.dev/exceptions/#no_such_element
Build info: version: '4.4.0', revision: 'e5c75ed026a'
System info: host: 'pop-os', ip: '127.0.1.1', os.name: 'Linux', os.arch: 'amd64', os.version: '6.4.6-76060406-generic', java.version: '17.0.8'
Driver info: org.openqa.selenium.firefox.FirefoxDriver
Command: [fcb0ac82-8b52-43ea-aaca-1da34ff581b4, findElement {using=xpath, value=//img[@src="../images/ADMIN_logo.png"]}]
Capabilities {acceptInsecureCerts: true, browserName: firefox, browserVersion: 116.0.3, moz:accessibilityChecks: false, moz:buildID: 20230815173142, moz:debuggerAddress: 127.0.0.1:58058, moz:geckodriverVersion: 0.33.0, moz:headless: false, moz:platformVersion: 6.4.6-76060406-generic, moz:processID: 294305, moz:profile: /tmp/rust_mozprofileMapYYV, moz:shutdownTimeout: 60000, moz:webdriverClick: true, moz:windowless: false, pageLoadStrategy: normal, platformName: LINUX, proxy: Proxy(), se:cdp: ws://127.0.0.1:58058/devtoo..., se:cdpVersion: 85.0, setWindowRect: true, strictFileInteractability: false, timeouts: {implicit: 0, pageLoad: 300000, script: 30000}, unhandledPromptBehavior: dismiss and notify}
Session ID: fcb0ac82-8b52-43ea-aaca-1da34ff581b4]]>
            </message>
            <full-stacktrace>
              <![CDATA[org.openqa.selenium.NoSuchElementException: Unable to locate element: //img[@src="../images/ADMIN_logo.png"]
For documentation on this error, please visit: https://selenium.dev/exceptions/#no_such_element
Build info: version: '4.4.0', revision: 'e5c75ed026a'
System info: host: 'pop-os', ip: '127.0.1.1', os.name: 'Linux', os.arch: 'amd64', os.version: '6.4.6-76060406-generic', java.version: '17.0.8'
Driver info: org.openqa.selenium.firefox.FirefoxDriver
Command: [fcb0ac82-8b52-43ea-aaca-1da34ff581b4, findElement {using=xpath, value=//img[@src="../images/ADMIN_logo.png"]}]
Capabilities {acceptInsecureCerts: true, browserName: firefox, browserVersion: 116.0.3, moz:accessibilityChecks: false, moz:buildID: 20230815173142, moz:debuggerAddress: 127.0.0.1:58058, moz:geckodriverVersion: 0.33.0, moz:headless: false, moz:platformVersion: 6.4.6-76060406-generic, moz:processID: 294305, moz:profile: /tmp/rust_mozprofileMapYYV, moz:shutdownTimeout: 60000, moz:webdriverClick: true, moz:windowless: false, pageLoadStrategy: normal, platformName: LINUX, proxy: Proxy(), se:cdp: ws://127.0.0.1:58058/devtoo..., se:cdpVersion: 85.0, setWindowRect: true, strictFileInteractability: false, timeouts: {implicit: 0, pageLoad: 300000, script: 30000}, unhandledPromptBehavior: dismiss and notify}
Session ID: fcb0ac82-8b52-43ea-aaca-1da34ff581b4
at java.base/jdk.internal.reflect.NativeConstructorAccessorImpl.newInstance0(Native Method)
at java.base/jdk.internal.reflect.NativeConstructorAccessorImpl.newInstance(NativeConstructorAccessorImpl.java:77)
at java.base/jdk.internal.reflect.DelegatingConstructorAccessorImpl.newInstance(DelegatingConstructorAccessorImpl.java:45)
at java.base/java.lang.reflect.Constructor.newInstanceWithCaller(Constructor.java:499)
at java.base/java.lang.reflect.Constructor.newInstance(Constructor.java:480)
at org.openqa.selenium.remote.codec.w3c.W3CHttpResponseCodec.createException(W3CHttpResponseCodec.java:200)
at org.openqa.selenium.remote.codec.w3c.W3CHttpResponseCodec.decode(W3CHttpResponseCodec.java:133)
at org.openqa.selenium.remote.codec.w3c.W3CHttpResponseCodec.decode(W3CHttpResponseCodec.java:53)
at org.openqa.selenium.remote.HttpCommandExecutor.execute(HttpCommandExecutor.java:184)
at org.openqa.selenium.remote.service.DriverCommandExecutor.invokeExecute(DriverCommandExecutor.java:167)
at org.openqa.selenium.remote.service.DriverCommandExecutor.execute(DriverCommandExecutor.java:142)
at org.openqa.selenium.remote.RemoteWebDriver.execute(RemoteWebDriver.java:547)
at org.openqa.selenium.remote.ElementLocation$ElementFinder$2.findElement(ElementLocation.java:162)
at org.openqa.selenium.remote.ElementLocation.findElement(ElementLocation.java:60)
at org.openqa.selenium.remote.RemoteWebDriver.findElement(RemoteWebDriver.java:365)
at org.openqa.selenium.remote.RemoteWebDriver.findElement(RemoteWebDriver.java:357)
at org.openqa.selenium.support.pagefactory.DefaultElementLocator.findElement(DefaultElementLocator.java:70)
at org.openqa.selenium.support.pagefactory.internal.LocatingElementHandler.invoke(LocatingElementHandler.java:39)
at jdk.proxy2/jdk.proxy2.$Proxy23.click(Unknown Source)
at Convox.ObjectRepository.AdminModule.AdminHomePage.AdminLogout(AdminHomePage.java:157)
at AdminModule.AdminOperationTest.adminOperationsTest(AdminOperationTest.java:41)
at java.base/jdk.internal.reflect.NativeMethodAccessorImpl.invoke0(Native Method)
at java.base/jdk.internal.reflect.NativeMethodAccessorImpl.invoke(NativeMethodAccessorImpl.java:77)
at java.base/jdk.internal.reflect.DelegatingMethodAccessorImpl.invoke(DelegatingMethodAccessorImpl.java:43)
at java.base/java.lang.reflect.Method.invoke(Method.java:568)
at org.testng.internal.invokers.MethodInvocationHelper.invokeMethod(MethodInvocationHelper.java:139)
at org.testng.internal.invokers.TestInvoker.invokeMethod(TestInvoker.java:664)
at org.testng.internal.invokers.TestInvoker.invokeTestMethod(TestInvoker.java:227)
at org.testng.internal.invokers.MethodRunner.runInSequence(MethodRunner.java:50)
at org.testng.internal.invokers.TestInvoker$MethodInvocationAgent.invoke(TestInvoker.java:957)
at org.testng.internal.invokers.TestInvoker.invokeTestMethods(TestInvoker.java:200)
at org.testng.internal.invokers.TestMethodWorker.invokeTestMethods(TestMethodWorker.java:148)
at org.testng.internal.invokers.TestMethodWorker.run(TestMethodWorker.java:128)
at java.base/java.util.ArrayList.forEach(ArrayList.java:1511)
at org.testng.TestRunner.privateRun(TestRunner.java:848)
at org.testng.TestRunner.run(TestRunner.java:621)
at org.testng.SuiteRunner.runTest(SuiteRunner.java:443)
at org.testng.SuiteRunner.runSequentially(SuiteRunner.java:437)
at org.testng.SuiteRunner.privateRun(SuiteRunner.java:397)
at org.testng.SuiteRunner.run(SuiteRunner.java:336)
at org.testng.SuiteRunnerWorker.runSuite(SuiteRunnerWorker.java:52)
at org.testng.SuiteRunnerWorker.run(SuiteRunnerWorker.java:95)
at org.testng.TestNG.runSuitesSequentially(TestNG.java:1280)
at org.testng.TestNG.runSuitesLocally(TestNG.java:1200)
at org.testng.TestNG.runSuites(TestNG.java:1114)
at org.testng.TestNG.run(TestNG.java:1082)
at org.testng.remote.AbstractRemoteTestNG.run(AbstractRemoteTestNG.java:115)
at org.testng.remote.RemoteTestNG.initAndRun(RemoteTestNG.java:251)
at org.testng.remote.RemoteTestNG.main(RemoteTestNG.java:77)
]]>
            </full-stacktrace>
          </exception> <!-- org.openqa.selenium.NoSuchElementException -->
          <reporter-output>
            <line>
              <![CDATA[--- Logged Into Admin Module Succesfully ---]]>
            </line>
            <line>
              <![CDATA[SystemSettings Dropdown clicked Succesfully]]>
            </line>
            <line>
              <![CDATA[Clicked on List Button]]>
            </line>
            <line>
              <![CDATA[Switched to Active List Frame]]>
            </line>
            <line>
              <![CDATA[Clicked on Add List Lookup Button]]>
            </line>
            <line>
              <![CDATA[Kiran Name Added Succesfully to the List Name Textbox]]>
            </line>
            <line>
              <![CDATA[List Created Successfully]]>
            </line>
          </reporter-output>
        </test-method> <!-- adminOperationsTest -->
        <test-method is-config="true" signature="bmConfigration()[pri:0, instance:AdminModule.AdminOperationTest@48075da3]" started-at="2023-09-04T13:28:57 IST" name="bmConfigration" finished-at="2023-09-04T13:28:57 IST" duration-ms="0" status="PASS">
          <reporter-output>
          </reporter-output>
        </test-method> <!-- bmConfigration -->
        <test-method is-config="true" signature="amConfigration()[pri:0, instance:AdminModule.AdminOperationTest@48075da3]" started-at="2023-09-04T13:29:05 IST" name="amConfigration" finished-at="2023-09-04T13:29:05 IST" duration-ms="0" status="PASS">
          <reporter-output>
          </reporter-output>
        </test-method> <!-- amConfigration -->
        <test-method is-config="true" signature="acConfigration()[pri:0, instance:AdminModule.AdminOperationTest@48075da3]" started-at="2023-09-04T13:29:05 IST" name="acConfigration" finished-at="2023-09-04T13:29:05 IST" duration-ms="513" status="PASS">
          <reporter-output>
            <line>
              <![CDATA[ - - - firefox Has Closed Succesfully - - - ]]>
            </line>
          </reporter-output>
        </test-method> <!-- acConfigration -->
        <test-method is-config="true" signature="acConfigration()[pri:0, instance:AdminModule.AdminOperationTest@48075da3]" started-at="2023-09-04T13:29:05 IST" name="acConfigration" finished-at="2023-09-04T13:29:05 IST" duration-ms="1" status="PASS">
          <reporter-output>
            <line>
              <![CDATA[ - - - firefox Has Closed Succesfully - - - ]]>
            </line>
          </reporter-output>
        </test-method> <!-- acConfigration -->
        <test-method is-config="true" signature="asConfigration()[pri:0, instance:AdminModule.AdminOperationTest@48075da3]" started-at="2023-09-04T13:29:06 IST" name="asConfigration" finished-at="2023-09-04T13:29:06 IST" duration-ms="0" status="PASS">
          <reporter-output>
            <line>
              <![CDATA[- - - DataBase Closed Succesfully - - - ]]>
            </line>
          </reporter-output>
        </test-method> <!-- asConfigration -->
      </class> <!-- AdminModule.AdminOperationTest -->
    </test> <!-- Default test -->
  </suite> <!-- Default suite -->
</testng-results>
